<?xml version="1.0" encoding="UTF-8"?>
<!-- Generated by org.testng.reporters.JUnitXMLReporter -->
<testsuite ignored="0" hostname="jemsnroy" failures="0" tests="7" name="Default test" time="4.305" errors="0" timestamp="22 Dec. 2022 20:30:45 GMT">
  <testcase classname="com.qa.API.tests.TC005_DELETE_Employee" name="vldContentType" time="0.006"/>
  <testcase classname="com.qa.API.tests.TC005_DELETE_Employee" name="vldCookies" time="0.001"/>
  <testcase classname="com.qa.API.tests.TC005_DELETE_Employee" name="vldResponseBody" time="0.002"/>
  <testcase classname="com.qa.API.tests.TC005_DELETE_Employee" name="vldResponseTime" time="0.001"/>
  <testcase classname="com.qa.API.tests.TC005_DELETE_Employee" name="vldServerType" time="0.001"/>
  <testcase classname="com.qa.API.tests.TC005_DELETE_Employee" name="vldStatusCode" time="0.0"/>
  <testcase classname="com.qa.API.tests.TC005_DELETE_Employee" name="vldStatusLine" time="0.002"/>
</testsuite> <!-- Default test -->
