<?xml version="1.0" encoding="UTF-8"?>
<!-- Generated by org.testng.reporters.JUnitXMLReporter -->
<testsuite ignored="0" hostname="jemsnroy" failures="0" tests="36" name="Test" time="12.942" errors="0" timestamp="22 Dec. 2022 19:33:52 GMT">
  <testcase classname="com.qa.API.tests.TC001_GET_All_Employees" name="vldContentType" time="0.005"/>
  <testcase classname="com.qa.API.tests.TC001_GET_All_Employees" name="vldCookies" time="0.001"/>
  <testcase classname="com.qa.API.tests.TC001_GET_All_Employees" name="vldResponseBody" time="0.013"/>
  <testcase classname="com.qa.API.tests.TC001_GET_All_Employees" name="vldResponseTime" time="0.001"/>
  <testcase classname="com.qa.API.tests.TC001_GET_All_Employees" name="vldServerType" time="0.0"/>
  <testcase classname="com.qa.API.tests.TC001_GET_All_Employees" name="vldStatusCode" time="0.001"/>
  <testcase classname="com.qa.API.tests.TC001_GET_All_Employees" name="vldStatusLine" time="0.0"/>
  <testcase classname="com.qa.API.tests.TC002_GET_Employee" name="vldContentLength" time="0.001"/>
  <testcase classname="com.qa.API.tests.TC002_GET_Employee" name="vldContentType" time="0.001"/>
  <testcase classname="com.qa.API.tests.TC002_GET_Employee" name="vldCookies" time="0.001"/>
  <testcase classname="com.qa.API.tests.TC002_GET_Employee" name="vldResponseBody" time="0.001"/>
  <testcase classname="com.qa.API.tests.TC002_GET_Employee" name="vldResponseTime" time="0.0"/>
  <testcase classname="com.qa.API.tests.TC002_GET_Employee" name="vldServerType" time="0.001"/>
  <testcase classname="com.qa.API.tests.TC002_GET_Employee" name="vldStatusCode" time="0.001"/>
  <testcase classname="com.qa.API.tests.TC002_GET_Employee" name="vldStatusLine" time="0.001"/>
  <testcase classname="com.qa.API.tests.TC003_POST_Employee" name="vldContentType" time="0.001"/>
  <testcase classname="com.qa.API.tests.TC003_POST_Employee" name="vldCookies" time="0.001"/>
  <testcase classname="com.qa.API.tests.TC003_POST_Employee" name="vldResponseBody" time="0.001"/>
  <testcase classname="com.qa.API.tests.TC003_POST_Employee" name="vldResponseTime" time="0.001"/>
  <testcase classname="com.qa.API.tests.TC003_POST_Employee" name="vldServerType" time="0.001"/>
  <testcase classname="com.qa.API.tests.TC003_POST_Employee" name="vldStatusCode" time="0.0"/>
  <testcase classname="com.qa.API.tests.TC003_POST_Employee" name="vldStatusLine" time="0.001"/>
  <testcase classname="com.qa.API.tests.TC004_PUT_EmployeeRecord" name="vldContentType" time="0.001"/>
  <testcase classname="com.qa.API.tests.TC004_PUT_EmployeeRecord" name="vldCookies" time="0.001"/>
  <testcase classname="com.qa.API.tests.TC004_PUT_EmployeeRecord" name="vldResponseBody" time="0.001"/>
  <testcase classname="com.qa.API.tests.TC004_PUT_EmployeeRecord" name="vldResponseTime" time="0.001"/>
  <testcase classname="com.qa.API.tests.TC004_PUT_EmployeeRecord" name="vldServerType" time="0.001"/>
  <testcase classname="com.qa.API.tests.TC004_PUT_EmployeeRecord" name="vldStatusCode" time="0.001"/>
  <testcase classname="com.qa.API.tests.TC004_PUT_EmployeeRecord" name="vldStatusLine" time="0.001"/>
  <testcase classname="com.qa.API.tests.TC005_DELETE_Employee" name="vldContentType" time="0.001"/>
  <testcase classname="com.qa.API.tests.TC005_DELETE_Employee" name="vldCookies" time="0.001"/>
  <testcase classname="com.qa.API.tests.TC005_DELETE_Employee" name="vldResponseBody" time="0.003"/>
  <testcase classname="com.qa.API.tests.TC005_DELETE_Employee" name="vldResponseTime" time="0.0"/>
  <testcase classname="com.qa.API.tests.TC005_DELETE_Employee" name="vldServerType" time="0.0"/>
  <testcase classname="com.qa.API.tests.TC005_DELETE_Employee" name="vldStatusCode" time="0.001"/>
  <testcase classname="com.qa.API.tests.TC005_DELETE_Employee" name="vldStatusLine" time="0.0"/>
</testsuite> <!-- Test -->
