<?xml version="1.0" encoding="UTF-8"?>
<testng-results ignored="0" total="36" passed="34" failed="2" skipped="0">
  <reporter-output>
  </reporter-output>
  <suite started-at="2022-12-22T20:23:05Z" name="testng.xml" finished-at="2022-12-22T20:23:18Z" duration-ms="13144">
    <groups>
    </groups>
    <test started-at="2022-12-22T20:23:05Z" name="Test" finished-at="2022-12-22T20:23:18Z" duration-ms="13144">
      <class name="com.qa.API.tests.TC002_GET_Employee">
        <test-method is-config="true" signature="getAllEmployee()[pri:0, instance:com.qa.API.tests.TC002_GET_Employee@33065d67]" started-at="2022-12-22T20:23:08Z" name="getAllEmployee" finished-at="2022-12-22T20:23:10Z" duration-ms="2131" status="PASS">
          <reporter-output>
          </reporter-output>
        </test-method> <!-- getAllEmployee -->
        <test-method signature="vldContentLength()[pri:0, instance:com.qa.API.tests.TC002_GET_Employee@33065d67]" started-at="2022-12-22T20:23:10Z" name="vldContentLength" finished-at="2022-12-22T20:23:10Z" duration-ms="1" status="PASS">
          <reporter-output>
          </reporter-output>
        </test-method> <!-- vldContentLength -->
        <test-method signature="vldContentType()[pri:0, instance:com.qa.API.tests.TC002_GET_Employee@33065d67]" started-at="2022-12-22T20:23:10Z" name="vldContentType" finished-at="2022-12-22T20:23:10Z" duration-ms="0" status="PASS">
          <reporter-output>
          </reporter-output>
        </test-method> <!-- vldContentType -->
        <test-method signature="vldCookies()[pri:0, instance:com.qa.API.tests.TC002_GET_Employee@33065d67]" started-at="2022-12-22T20:23:10Z" name="vldCookies" finished-at="2022-12-22T20:23:10Z" duration-ms="1" status="PASS">
          <reporter-output>
          </reporter-output>
        </test-method> <!-- vldCookies -->
        <test-method signature="vldResponseBody()[pri:0, instance:com.qa.API.tests.TC002_GET_Employee@33065d67]" started-at="2022-12-22T20:23:10Z" name="vldResponseBody" finished-at="2022-12-22T20:23:10Z" duration-ms="1" status="PASS">
          <reporter-output>
          </reporter-output>
        </test-method> <!-- vldResponseBody -->
        <test-method signature="vldResponseTime()[pri:0, instance:com.qa.API.tests.TC002_GET_Employee@33065d67]" started-at="2022-12-22T20:23:10Z" name="vldResponseTime" finished-at="2022-12-22T20:23:10Z" duration-ms="1" status="PASS">
          <reporter-output>
          </reporter-output>
        </test-method> <!-- vldResponseTime -->
        <test-method signature="vldServerType()[pri:0, instance:com.qa.API.tests.TC002_GET_Employee@33065d67]" started-at="2022-12-22T20:23:10Z" name="vldServerType" finished-at="2022-12-22T20:23:10Z" duration-ms="1" status="PASS">
          <reporter-output>
          </reporter-output>
        </test-method> <!-- vldServerType -->
        <test-method signature="vldStatusCode()[pri:0, instance:com.qa.API.tests.TC002_GET_Employee@33065d67]" started-at="2022-12-22T20:23:10Z" name="vldStatusCode" finished-at="2022-12-22T20:23:10Z" duration-ms="0" status="PASS">
          <reporter-output>
          </reporter-output>
        </test-method> <!-- vldStatusCode -->
        <test-method signature="vldStatusLine()[pri:0, instance:com.qa.API.tests.TC002_GET_Employee@33065d67]" started-at="2022-12-22T20:23:10Z" name="vldStatusLine" finished-at="2022-12-22T20:23:10Z" duration-ms="1" status="PASS">
          <reporter-output>
          </reporter-output>
        </test-method> <!-- vldStatusLine -->
        <test-method is-config="true" signature="tearDown()[pri:0, instance:com.qa.API.tests.TC002_GET_Employee@33065d67]" started-at="2022-12-22T20:23:10Z" name="tearDown" finished-at="2022-12-22T20:23:10Z" duration-ms="0" status="PASS">
          <reporter-output>
          </reporter-output>
        </test-method> <!-- tearDown -->
      </class> <!-- com.qa.API.tests.TC002_GET_Employee -->
      <class name="com.qa.API.tests.TC004_PUT_EmployeeRecord">
        <test-method is-config="true" signature="updateEmployee()[pri:0, instance:com.qa.API.tests.TC004_PUT_EmployeeRecord@7bba5817]" started-at="2022-12-22T20:23:13Z" name="updateEmployee" finished-at="2022-12-22T20:23:15Z" duration-ms="2442" status="PASS">
          <reporter-output>
          </reporter-output>
        </test-method> <!-- updateEmployee -->
        <test-method signature="vldContentType()[pri:0, instance:com.qa.API.tests.TC004_PUT_EmployeeRecord@7bba5817]" started-at="2022-12-22T20:23:15Z" name="vldContentType" finished-at="2022-12-22T20:23:15Z" duration-ms="0" status="PASS">
          <reporter-output>
          </reporter-output>
        </test-method> <!-- vldContentType -->
        <test-method signature="vldResponseBody()[pri:0, instance:com.qa.API.tests.TC004_PUT_EmployeeRecord@7bba5817]" started-at="2022-12-22T20:23:15Z" name="vldResponseBody" finished-at="2022-12-22T20:23:15Z" duration-ms="1" status="PASS">
          <reporter-output>
          </reporter-output>
        </test-method> <!-- vldResponseBody -->
        <test-method signature="vldCookies()[pri:0, instance:com.qa.API.tests.TC004_PUT_EmployeeRecord@7bba5817]" started-at="2022-12-22T20:23:15Z" name="vldCookies" finished-at="2022-12-22T20:23:15Z" duration-ms="0" status="PASS">
          <reporter-output>
          </reporter-output>
        </test-method> <!-- vldCookies -->
        <test-method signature="vldResponseTime()[pri:0, instance:com.qa.API.tests.TC004_PUT_EmployeeRecord@7bba5817]" started-at="2022-12-22T20:23:15Z" name="vldResponseTime" finished-at="2022-12-22T20:23:15Z" duration-ms="0" status="PASS">
          <reporter-output>
          </reporter-output>
        </test-method> <!-- vldResponseTime -->
        <test-method signature="vldServerType()[pri:0, instance:com.qa.API.tests.TC004_PUT_EmployeeRecord@7bba5817]" started-at="2022-12-22T20:23:15Z" name="vldServerType" finished-at="2022-12-22T20:23:15Z" duration-ms="1" status="PASS">
          <reporter-output>
          </reporter-output>
        </test-method> <!-- vldServerType -->
        <test-method signature="vldStatusCode()[pri:0, instance:com.qa.API.tests.TC004_PUT_EmployeeRecord@7bba5817]" started-at="2022-12-22T20:23:15Z" name="vldStatusCode" finished-at="2022-12-22T20:23:15Z" duration-ms="0" status="PASS">
          <reporter-output>
          </reporter-output>
        </test-method> <!-- vldStatusCode -->
        <test-method signature="vldStatusLine()[pri:0, instance:com.qa.API.tests.TC004_PUT_EmployeeRecord@7bba5817]" started-at="2022-12-22T20:23:15Z" name="vldStatusLine" finished-at="2022-12-22T20:23:15Z" duration-ms="0" status="PASS">
          <reporter-output>
          </reporter-output>
        </test-method> <!-- vldStatusLine -->
        <test-method is-config="true" signature="tearDown()[pri:0, instance:com.qa.API.tests.TC004_PUT_EmployeeRecord@7bba5817]" started-at="2022-12-22T20:23:15Z" name="tearDown" finished-at="2022-12-22T20:23:15Z" duration-ms="1" status="PASS">
          <reporter-output>
          </reporter-output>
        </test-method> <!-- tearDown -->
      </class> <!-- com.qa.API.tests.TC004_PUT_EmployeeRecord -->
      <class name="com.qa.API.tests.TC003_POST_Employee">
        <test-method is-config="true" signature="getAllEmployee()[pri:0, instance:com.qa.API.tests.TC003_POST_Employee@712625fd]" started-at="2022-12-22T20:23:10Z" name="getAllEmployee" finished-at="2022-12-22T20:23:13Z" duration-ms="2453" status="PASS">
          <reporter-output>
          </reporter-output>
        </test-method> <!-- getAllEmployee -->
        <test-method signature="vldContentType()[pri:0, instance:com.qa.API.tests.TC003_POST_Employee@712625fd]" started-at="2022-12-22T20:23:13Z" name="vldContentType" finished-at="2022-12-22T20:23:13Z" duration-ms="0" status="PASS">
          <reporter-output>
          </reporter-output>
        </test-method> <!-- vldContentType -->
        <test-method signature="vldCookies()[pri:0, instance:com.qa.API.tests.TC003_POST_Employee@712625fd]" started-at="2022-12-22T20:23:13Z" name="vldCookies" finished-at="2022-12-22T20:23:13Z" duration-ms="0" status="PASS">
          <reporter-output>
          </reporter-output>
        </test-method> <!-- vldCookies -->
        <test-method signature="vldResponseBody()[pri:0, instance:com.qa.API.tests.TC003_POST_Employee@712625fd]" started-at="2022-12-22T20:23:13Z" name="vldResponseBody" finished-at="2022-12-22T20:23:13Z" duration-ms="1" status="PASS">
          <reporter-output>
          </reporter-output>
        </test-method> <!-- vldResponseBody -->
        <test-method signature="vldResponseTime()[pri:0, instance:com.qa.API.tests.TC003_POST_Employee@712625fd]" started-at="2022-12-22T20:23:13Z" name="vldResponseTime" finished-at="2022-12-22T20:23:13Z" duration-ms="1" status="PASS">
          <reporter-output>
          </reporter-output>
        </test-method> <!-- vldResponseTime -->
        <test-method signature="vldServerType()[pri:0, instance:com.qa.API.tests.TC003_POST_Employee@712625fd]" started-at="2022-12-22T20:23:13Z" name="vldServerType" finished-at="2022-12-22T20:23:13Z" duration-ms="0" status="PASS">
          <reporter-output>
          </reporter-output>
        </test-method> <!-- vldServerType -->
        <test-method signature="vldStatusLine()[pri:0, instance:com.qa.API.tests.TC003_POST_Employee@712625fd]" started-at="2022-12-22T20:23:13Z" name="vldStatusLine" finished-at="2022-12-22T20:23:13Z" duration-ms="1" status="PASS">
          <reporter-output>
          </reporter-output>
        </test-method> <!-- vldStatusLine -->
        <test-method signature="vldStatusCode()[pri:0, instance:com.qa.API.tests.TC003_POST_Employee@712625fd]" started-at="2022-12-22T20:23:13Z" name="vldStatusCode" finished-at="2022-12-22T20:23:13Z" duration-ms="0" status="PASS">
          <reporter-output>
          </reporter-output>
        </test-method> <!-- vldStatusCode -->
        <test-method is-config="true" signature="tearDown()[pri:0, instance:com.qa.API.tests.TC003_POST_Employee@712625fd]" started-at="2022-12-22T20:23:13Z" name="tearDown" finished-at="2022-12-22T20:23:13Z" duration-ms="0" status="PASS">
          <reporter-output>
          </reporter-output>
        </test-method> <!-- tearDown -->
      </class> <!-- com.qa.API.tests.TC003_POST_Employee -->
      <class name="com.qa.API.tests.TC005_DELETE_Employee">
        <test-method is-config="true" signature="deleteEmployee()[pri:0, instance:com.qa.API.tests.TC005_DELETE_Employee@742ff096]" started-at="2022-12-22T20:23:15Z" name="deleteEmployee" finished-at="2022-12-22T20:23:18Z" duration-ms="2943" status="PASS">
          <reporter-output>
          </reporter-output>
        </test-method> <!-- deleteEmployee -->
        <test-method signature="vldContentType()[pri:0, instance:com.qa.API.tests.TC005_DELETE_Employee@742ff096]" started-at="2022-12-22T20:23:18Z" name="vldContentType" finished-at="2022-12-22T20:23:18Z" duration-ms="0" status="PASS">
          <reporter-output>
          </reporter-output>
        </test-method> <!-- vldContentType -->
        <test-method signature="vldCookies()[pri:0, instance:com.qa.API.tests.TC005_DELETE_Employee@742ff096]" started-at="2022-12-22T20:23:18Z" name="vldCookies" finished-at="2022-12-22T20:23:18Z" duration-ms="0" status="PASS">
          <reporter-output>
          </reporter-output>
        </test-method> <!-- vldCookies -->
        <test-method signature="vldResponseBody()[pri:0, instance:com.qa.API.tests.TC005_DELETE_Employee@742ff096]" started-at="2022-12-22T20:23:18Z" name="vldResponseBody" finished-at="2022-12-22T20:23:18Z" duration-ms="2" status="FAIL">
          <exception class="java.lang.AssertionError">
            <message>
              <![CDATA[expected [true] but found [false]]]>
            </message>
            <full-stacktrace>
              <![CDATA[java.lang.AssertionError: expected [true] but found [false]
at org.testng.Assert.fail(Assert.java:96)
at org.testng.Assert.failNotEquals(Assert.java:776)
at org.testng.Assert.assertEqualsImpl(Assert.java:137)
at org.testng.Assert.assertEquals(Assert.java:118)
at org.testng.Assert.assertEquals(Assert.java:568)
at org.testng.Assert.assertEquals(Assert.java:578)
at com.qa.API.tests.TC005_DELETE_Employee.vldResponseBody(TC005_DELETE_Employee.java:46)
at java.base/jdk.internal.reflect.NativeMethodAccessorImpl.invoke0(Native Method)
at java.base/jdk.internal.reflect.NativeMethodAccessorImpl.invoke(NativeMethodAccessorImpl.java:77)
at java.base/jdk.internal.reflect.DelegatingMethodAccessorImpl.invoke(DelegatingMethodAccessorImpl.java:43)
at java.base/java.lang.reflect.Method.invoke(Method.java:568)
at org.testng.internal.MethodInvocationHelper.invokeMethod(MethodInvocationHelper.java:124)
at org.testng.internal.Invoker.invokeMethod(Invoker.java:583)
at org.testng.internal.Invoker.invokeTestMethod(Invoker.java:719)
at org.testng.internal.Invoker.invokeTestMethods(Invoker.java:989)
at org.testng.internal.TestMethodWorker.invokeTestMethods(TestMethodWorker.java:125)
at org.testng.internal.TestMethodWorker.run(TestMethodWorker.java:109)
at org.testng.TestRunner.privateRun(TestRunner.java:648)
at org.testng.TestRunner.run(TestRunner.java:505)
at org.testng.SuiteRunner.runTest(SuiteRunner.java:455)
at org.testng.SuiteRunner.runSequentially(SuiteRunner.java:450)
at org.testng.SuiteRunner.privateRun(SuiteRunner.java:415)
at org.testng.SuiteRunner.run(SuiteRunner.java:364)
at org.testng.SuiteRunnerWorker.runSuite(SuiteRunnerWorker.java:52)
at org.testng.SuiteRunnerWorker.run(SuiteRunnerWorker.java:84)
at org.testng.TestNG.runSuitesSequentially(TestNG.java:1208)
at org.testng.TestNG.runSuitesLocally(TestNG.java:1137)
at org.testng.TestNG.runSuites(TestNG.java:1049)
at org.testng.TestNG.run(TestNG.java:1017)
at org.apache.maven.surefire.testng.TestNGExecutor.run(TestNGExecutor.java:324)
at org.apache.maven.surefire.testng.TestNGXmlTestSuite.execute(TestNGXmlTestSuite.java:74)
at org.apache.maven.surefire.testng.TestNGProvider.invoke(TestNGProvider.java:123)
at org.apache.maven.surefire.booter.ForkedBooter.runSuitesInProcess(ForkedBooter.java:456)
at org.apache.maven.surefire.booter.ForkedBooter.execute(ForkedBooter.java:169)
at org.apache.maven.surefire.booter.ForkedBooter.run(ForkedBooter.java:595)
at org.apache.maven.surefire.booter.ForkedBooter.main(ForkedBooter.java:581)
]]>
            </full-stacktrace>
          </exception> <!-- java.lang.AssertionError -->
          <reporter-output>
          </reporter-output>
        </test-method> <!-- vldResponseBody -->
        <test-method signature="vldResponseTime()[pri:0, instance:com.qa.API.tests.TC005_DELETE_Employee@742ff096]" started-at="2022-12-22T20:23:18Z" name="vldResponseTime" finished-at="2022-12-22T20:23:18Z" duration-ms="0" status="PASS">
          <reporter-output>
          </reporter-output>
        </test-method> <!-- vldResponseTime -->
        <test-method signature="vldServerType()[pri:0, instance:com.qa.API.tests.TC005_DELETE_Employee@742ff096]" started-at="2022-12-22T20:23:18Z" name="vldServerType" finished-at="2022-12-22T20:23:18Z" duration-ms="0" status="PASS">
          <reporter-output>
          </reporter-output>
        </test-method> <!-- vldServerType -->
        <test-method signature="vldStatusLine()[pri:0, instance:com.qa.API.tests.TC005_DELETE_Employee@742ff096]" started-at="2022-12-22T20:23:18Z" name="vldStatusLine" finished-at="2022-12-22T20:23:18Z" duration-ms="0" status="PASS">
          <reporter-output>
          </reporter-output>
        </test-method> <!-- vldStatusLine -->
        <test-method is-config="true" signature="tearDown()[pri:0, instance:com.qa.API.tests.TC005_DELETE_Employee@742ff096]" started-at="2022-12-22T20:23:18Z" name="tearDown" finished-at="2022-12-22T20:23:18Z" duration-ms="1" status="PASS">
          <reporter-output>
          </reporter-output>
        </test-method> <!-- tearDown -->
        <test-method signature="vldStatusCode()[pri:0, instance:com.qa.API.tests.TC005_DELETE_Employee@742ff096]" started-at="2022-12-22T20:23:18Z" name="vldStatusCode" finished-at="2022-12-22T20:23:18Z" duration-ms="0" status="FAIL">
          <exception class="java.lang.AssertionError">
            <message>
              <![CDATA[expected [200] but found [429]]]>
            </message>
            <full-stacktrace>
              <![CDATA[java.lang.AssertionError: expected [200] but found [429]
at org.testng.Assert.fail(Assert.java:96)
at org.testng.Assert.failNotEquals(Assert.java:776)
at org.testng.Assert.assertEqualsImpl(Assert.java:137)
at org.testng.Assert.assertEquals(Assert.java:118)
at org.testng.Assert.assertEquals(Assert.java:652)
at org.testng.Assert.assertEquals(Assert.java:662)
at com.qa.API.tests.TC005_DELETE_Employee.vldStatusCode(TC005_DELETE_Employee.java:59)
at java.base/jdk.internal.reflect.NativeMethodAccessorImpl.invoke0(Native Method)
at java.base/jdk.internal.reflect.NativeMethodAccessorImpl.invoke(NativeMethodAccessorImpl.java:77)
at java.base/jdk.internal.reflect.DelegatingMethodAccessorImpl.invoke(DelegatingMethodAccessorImpl.java:43)
at java.base/java.lang.reflect.Method.invoke(Method.java:568)
at org.testng.internal.MethodInvocationHelper.invokeMethod(MethodInvocationHelper.java:124)
at org.testng.internal.Invoker.invokeMethod(Invoker.java:583)
at org.testng.internal.Invoker.invokeTestMethod(Invoker.java:719)
at org.testng.internal.Invoker.invokeTestMethods(Invoker.java:989)
at org.testng.internal.TestMethodWorker.invokeTestMethods(TestMethodWorker.java:125)
at org.testng.internal.TestMethodWorker.run(TestMethodWorker.java:109)
at org.testng.TestRunner.privateRun(TestRunner.java:648)
at org.testng.TestRunner.run(TestRunner.java:505)
at org.testng.SuiteRunner.runTest(SuiteRunner.java:455)
at org.testng.SuiteRunner.runSequentially(SuiteRunner.java:450)
at org.testng.SuiteRunner.privateRun(SuiteRunner.java:415)
at org.testng.SuiteRunner.run(SuiteRunner.java:364)
at org.testng.SuiteRunnerWorker.runSuite(SuiteRunnerWorker.java:52)
at org.testng.SuiteRunnerWorker.run(SuiteRunnerWorker.java:84)
at org.testng.TestNG.runSuitesSequentially(TestNG.java:1208)
at org.testng.TestNG.runSuitesLocally(TestNG.java:1137)
at org.testng.TestNG.runSuites(TestNG.java:1049)
at org.testng.TestNG.run(TestNG.java:1017)
at org.apache.maven.surefire.testng.TestNGExecutor.run(TestNGExecutor.java:324)
at org.apache.maven.surefire.testng.TestNGXmlTestSuite.execute(TestNGXmlTestSuite.java:74)
at org.apache.maven.surefire.testng.TestNGProvider.invoke(TestNGProvider.java:123)
at org.apache.maven.surefire.booter.ForkedBooter.runSuitesInProcess(ForkedBooter.java:456)
at org.apache.maven.surefire.booter.ForkedBooter.execute(ForkedBooter.java:169)
at org.apache.maven.surefire.booter.ForkedBooter.run(ForkedBooter.java:595)
at org.apache.maven.surefire.booter.ForkedBooter.main(ForkedBooter.java:581)
]]>
            </full-stacktrace>
          </exception> <!-- java.lang.AssertionError -->
          <reporter-output>
          </reporter-output>
        </test-method> <!-- vldStatusCode -->
      </class> <!-- com.qa.API.tests.TC005_DELETE_Employee -->
      <class name="com.qa.API.tests.TC001_GET_All_Employees">
        <test-method is-config="true" signature="getAllEmployee()[pri:0, instance:com.qa.API.tests.TC001_GET_All_Employees@cb0755b]" started-at="2022-12-22T20:23:05Z" name="getAllEmployee" finished-at="2022-12-22T20:23:08Z" duration-ms="3120" status="PASS">
          <reporter-output>
          </reporter-output>
        </test-method> <!-- getAllEmployee -->
        <test-method signature="vldContentType()[pri:0, instance:com.qa.API.tests.TC001_GET_All_Employees@cb0755b]" started-at="2022-12-22T20:23:08Z" name="vldContentType" finished-at="2022-12-22T20:23:08Z" duration-ms="2" status="PASS">
          <reporter-output>
          </reporter-output>
        </test-method> <!-- vldContentType -->
        <test-method signature="vldCookies()[pri:0, instance:com.qa.API.tests.TC001_GET_All_Employees@cb0755b]" started-at="2022-12-22T20:23:08Z" name="vldCookies" finished-at="2022-12-22T20:23:08Z" duration-ms="0" status="PASS">
          <reporter-output>
          </reporter-output>
        </test-method> <!-- vldCookies -->
        <test-method signature="vldResponseBody()[pri:0, instance:com.qa.API.tests.TC001_GET_All_Employees@cb0755b]" started-at="2022-12-22T20:23:08Z" name="vldResponseBody" finished-at="2022-12-22T20:23:08Z" duration-ms="12" status="PASS">
          <reporter-output>
          </reporter-output>
        </test-method> <!-- vldResponseBody -->
        <test-method signature="vldResponseTime()[pri:0, instance:com.qa.API.tests.TC001_GET_All_Employees@cb0755b]" started-at="2022-12-22T20:23:08Z" name="vldResponseTime" finished-at="2022-12-22T20:23:08Z" duration-ms="1" status="PASS">
          <reporter-output>
          </reporter-output>
        </test-method> <!-- vldResponseTime -->
        <test-method signature="vldServerType()[pri:0, instance:com.qa.API.tests.TC001_GET_All_Employees@cb0755b]" started-at="2022-12-22T20:23:08Z" name="vldServerType" finished-at="2022-12-22T20:23:08Z" duration-ms="1" status="PASS">
          <reporter-output>
          </reporter-output>
        </test-method> <!-- vldServerType -->
        <test-method signature="vldStatusCode()[pri:0, instance:com.qa.API.tests.TC001_GET_All_Employees@cb0755b]" started-at="2022-12-22T20:23:08Z" name="vldStatusCode" finished-at="2022-12-22T20:23:08Z" duration-ms="1" status="PASS">
          <reporter-output>
          </reporter-output>
        </test-method> <!-- vldStatusCode -->
        <test-method signature="vldStatusLine()[pri:0, instance:com.qa.API.tests.TC001_GET_All_Employees@cb0755b]" started-at="2022-12-22T20:23:08Z" name="vldStatusLine" finished-at="2022-12-22T20:23:08Z" duration-ms="0" status="PASS">
          <reporter-output>
          </reporter-output>
        </test-method> <!-- vldStatusLine -->
        <test-method is-config="true" signature="tearDown()[pri:0, instance:com.qa.API.tests.TC001_GET_All_Employees@cb0755b]" started-at="2022-12-22T20:23:08Z" name="tearDown" finished-at="2022-12-22T20:23:08Z" duration-ms="1" status="PASS">
          <reporter-output>
          </reporter-output>
        </test-method> <!-- tearDown -->
      </class> <!-- com.qa.API.tests.TC001_GET_All_Employees -->
    </test> <!-- Test -->
  </suite> <!-- testng.xml -->
</testng-results>
