<?xml version="1.0" encoding="UTF-8"?>
<testsuite xmlns:xsi="http://www.w3.org/2001/XMLSchema-instance" xsi:noNamespaceSchemaLocation="https://maven.apache.org/surefire/maven-surefire-plugin/xsd/surefire-test-report-3.0.xsd" version="3.0" name="TestSuite" time="13.96" tests="36" errors="0" skipped="0" failures="2">
  <properties>
[...]
</properties>
  <testcase name="vldContentType" classname="com.qa.API.tests.TC001_GET_All_Employees" time="0.002">
    <system-out><![CDATA[[TestNGContentHandler] [WARN] It is strongly recommended to add "<!DOCTYPE suite SYSTEM "http://testng.org/testng-1.0.dtd" >" at the top of your file, otherwise TestNG may fail or not work as expected.
12-22-2022 15:23:05 TC001_GET_All_Employees.java INFO  [main] base.TestBase 19 - -------------Started TC001_GET_All_Employees-------------
12-22-2022 15:23:06 BasicClientConnectionManager.java DEBUG [main] conn.BasicClientConnectionManager 161 - Get connection for route {s}->https://dummy.restapiexample.com:443
12-22-2022 15:23:06 DefaultClientConnectionOperator.java DEBUG [main] conn.DefaultClientConnectionOperator 177 - Connecting to dummy.restapiexample.com:443
12-22-2022 15:23:06 RequestAddCookies.java DEBUG [main] protocol.RequestAddCookies 123 - CookieSpec selected: ignoreCookies
12-22-2022 15:23:06 RequestAuthCache.java DEBUG [main] protocol.RequestAuthCache 77 - Auth cache not set in the context
12-22-2022 15:23:06 RequestTargetAuthentication.java DEBUG [main] protocol.RequestTargetAuthentication 80 - Target auth state: UNCHALLENGED
12-22-2022 15:23:06 RequestProxyAuthentication.java DEBUG [main] protocol.RequestProxyAuthentication 89 - Proxy auth state: UNCHALLENGED
12-22-2022 15:23:06 DefaultRequestDirector.java DEBUG [main] client.DefaultHttpClient 677 - Attempt 1 to execute request
12-22-2022 15:23:06 DefaultClientConnection.java DEBUG [main] conn.DefaultClientConnection 274 - Sending request: GET /api/v1/employees HTTP/1.1
12-22-2022 15:23:06 Wire.java DEBUG [main] http.wire 73 -  >> "GET /api/v1/employees HTTP/1.1[\r][\n]"
12-22-2022 15:23:06 Wire.java DEBUG [main] http.wire 73 -  >> "Accept: */*[\r][\n]"
12-22-2022 15:23:06 Wire.java DEBUG [main] http.wire 73 -  >> "Host: dummy.restapiexample.com[\r][\n]"
12-22-2022 15:23:06 Wire.java DEBUG [main] http.wire 73 -  >> "Connection: Keep-Alive[\r][\n]"
12-22-2022 15:23:06 Wire.java DEBUG [main] http.wire 73 -  >> "User-Agent: Apache-HttpClient/4.5.13 (Java/17.0.5)[\r][\n]"
12-22-2022 15:23:06 Wire.java DEBUG [main] http.wire 73 -  >> "Accept-Encoding: gzip,deflate[\r][\n]"
12-22-2022 15:23:06 Wire.java DEBUG [main] http.wire 73 -  >> "[\r][\n]"
12-22-2022 15:23:06 DefaultClientConnection.java DEBUG [main] http.headers 278 - >> GET /api/v1/employees HTTP/1.1
12-22-2022 15:23:06 DefaultClientConnection.java DEBUG [main] http.headers 281 - >> Accept: */*
12-22-2022 15:23:06 DefaultClientConnection.java DEBUG [main] http.headers 281 - >> Host: dummy.restapiexample.com
12-22-2022 15:23:06 DefaultClientConnection.java DEBUG [main] http.headers 281 - >> Connection: Keep-Alive
12-22-2022 15:23:06 DefaultClientConnection.java DEBUG [main] http.headers 281 - >> User-Agent: Apache-HttpClient/4.5.13 (Java/17.0.5)
12-22-2022 15:23:06 DefaultClientConnection.java DEBUG [main] http.headers 281 - >> Accept-Encoding: gzip,deflate
12-22-2022 15:23:06 Wire.java DEBUG [main] http.wire 73 -  << "HTTP/1.1 200 OK[\r][\n]"
12-22-2022 15:23:06 Wire.java DEBUG [main] http.wire 73 -  << "Cache-Control: public, max-age=2592000[\r][\n]"
12-22-2022 15:23:06 Wire.java DEBUG [main] http.wire 73 -  << "Content-Encoding: gzip[\r][\n]"
12-22-2022 15:23:06 Wire.java DEBUG [main] http.wire 73 -  << "Content-Type: application/json[\r][\n]"
12-22-2022 15:23:06 Wire.java DEBUG [main] http.wire 73 -  << "Date: Thu, 22 Dec 2022 20:23:07 UTC[\r][\n]"
12-22-2022 15:23:06 Wire.java DEBUG [main] http.wire 73 -  << "Display: staticcontent_sol, orig_site_sol[\r][\n]"
12-22-2022 15:23:06 Wire.java DEBUG [main] http.wire 73 -  << "Host-Header: c2hhcmVkLmJsdWVob3N0LmNvbQ==[\r][\n]"
12-22-2022 15:23:06 Wire.java DEBUG [main] http.wire 73 -  << "Response: 200[\r][\n]"
12-22-2022 15:23:06 Wire.java DEBUG [main] http.wire 73 -  << "Server: nginx/1.21.6[\r][\n]"
12-22-2022 15:23:06 Wire.java DEBUG [main] http.wire 73 -  << "Vary: Accept-Encoding,User-Agent,Origin[\r][\n]"
12-22-2022 15:23:06 Wire.java DEBUG [main] http.wire 73 -  << "X-Endurance-Cache-Level: 2[\r][\n]"
12-22-2022 15:23:06 Wire.java DEBUG [main] http.wire 73 -  << "X-Ezoic-Cdn: Hit ds;mm;50851011b4bdbba5d4a9e6d8cab4c54f;2-133674-12;e95582ef-5b56-46a1-66b6-1d9544d557c5[\r][\n]"
12-22-2022 15:23:06 Wire.java DEBUG [main] http.wire 73 -  << "X-Middleton-Display: staticcontent_sol, orig_site_sol[\r][\n]"
12-22-2022 15:23:06 Wire.java DEBUG [main] http.wire 73 -  << "X-Middleton-Response: 200[\r][\n]"
12-22-2022 15:23:06 Wire.java DEBUG [main] http.wire 73 -  << "X-Nginx-Cache: WordPress[\r][\n]"
12-22-2022 15:23:06 Wire.java DEBUG [main] http.wire 73 -  << "X-Origin-Cache-Control: no-cache, private[\r][\n]"
12-22-2022 15:23:06 Wire.java DEBUG [main] http.wire 73 -  << "X-Ratelimit-Limit: 60[\r][\n]"
12-22-2022 15:23:06 Wire.java DEBUG [main] http.wire 73 -  << "X-Ratelimit-Remaining: 58[\r][\n]"
12-22-2022 15:23:06 Wire.java DEBUG [main] http.wire 73 -  << "X-Server-Cache: false[\r][\n]"
12-22-2022 15:23:06 Wire.java DEBUG [main] http.wire 73 -  << "X-Sol: orig[\r][\n]"
12-22-2022 15:23:06 Wire.java DEBUG [main] http.wire 73 -  << "Transfer-Encoding: chunked[\r][\n]"
12-22-2022 15:23:06 Wire.java DEBUG [main] http.wire 73 -  << "[\r][\n]"
12-22-2022 15:23:06 DefaultClientConnection.java DEBUG [main] conn.DefaultClientConnection 259 - Receiving response: HTTP/1.1 200 OK
12-22-2022 15:23:06 DefaultClientConnection.java DEBUG [main] http.headers 262 - << HTTP/1.1 200 OK
12-22-2022 15:23:06 DefaultClientConnection.java DEBUG [main] http.headers 265 - << Cache-Control: public, max-age=2592000
12-22-2022 15:23:06 DefaultClientConnection.java DEBUG [main] http.headers 265 - << Content-Encoding: gzip
12-22-2022 15:23:06 DefaultClientConnection.java DEBUG [main] http.headers 265 - << Content-Type: application/json
12-22-2022 15:23:06 DefaultClientConnection.java DEBUG [main] http.headers 265 - << Date: Thu, 22 Dec 2022 20:23:07 UTC
12-22-2022 15:23:06 DefaultClientConnection.java DEBUG [main] http.headers 265 - << Display: staticcontent_sol, orig_site_sol
12-22-2022 15:23:06 DefaultClientConnection.java DEBUG [main] http.headers 265 - << Host-Header: c2hhcmVkLmJsdWVob3N0LmNvbQ==
12-22-2022 15:23:06 DefaultClientConnection.java DEBUG [main] http.headers 265 - << Response: 200
12-22-2022 15:23:06 DefaultClientConnection.java DEBUG [main] http.headers 265 - << Server: nginx/1.21.6
12-22-2022 15:23:06 DefaultClientConnection.java DEBUG [main] http.headers 265 - << Vary: Accept-Encoding,User-Agent,Origin
12-22-2022 15:23:06 DefaultClientConnection.java DEBUG [main] http.headers 265 - << X-Endurance-Cache-Level: 2
12-22-2022 15:23:06 DefaultClientConnection.java DEBUG [main] http.headers 265 - << X-Ezoic-Cdn: Hit ds;mm;50851011b4bdbba5d4a9e6d8cab4c54f;2-133674-12;e95582ef-5b56-46a1-66b6-1d9544d557c5
12-22-2022 15:23:06 DefaultClientConnection.java DEBUG [main] http.headers 265 - << X-Middleton-Display: staticcontent_sol, orig_site_sol
12-22-2022 15:23:06 DefaultClientConnection.java DEBUG [main] http.headers 265 - << X-Middleton-Response: 200
12-22-2022 15:23:06 DefaultClientConnection.java DEBUG [main] http.headers 265 - << X-Nginx-Cache: WordPress
12-22-2022 15:23:06 DefaultClientConnection.java DEBUG [main] http.headers 265 - << X-Origin-Cache-Control: no-cache, private
12-22-2022 15:23:06 DefaultClientConnection.java DEBUG [main] http.headers 265 - << X-Ratelimit-Limit: 60
12-22-2022 15:23:06 DefaultClientConnection.java DEBUG [main] http.headers 265 - << X-Ratelimit-Remaining: 58
12-22-2022 15:23:06 DefaultClientConnection.java DEBUG [main] http.headers 265 - << X-Server-Cache: false
12-22-2022 15:23:06 DefaultClientConnection.java DEBUG [main] http.headers 265 - << X-Sol: orig
12-22-2022 15:23:06 DefaultClientConnection.java DEBUG [main] http.headers 265 - << Transfer-Encoding: chunked
12-22-2022 15:23:06 DefaultRequestDirector.java DEBUG [main] client.DefaultHttpClient 504 - Connection can be kept alive indefinitely
12-22-2022 15:23:06 HTTPBuilder.java DEBUG [main] internal.RequestSpecificationImpl$RestAssuredHttpBuilder 545 - Parsing response as: application/json
12-22-2022 15:23:06 Wire.java DEBUG [main] http.wire 73 -  << "26f[\r][\n]"
12-22-2022 15:23:06 Wire.java DEBUG [main] http.wire 73 -  << "[0x1f][0x8b][0x8][0x0][0x0][0x0][0x0][0x0][0x0][0xff][0x94][0x96]OO[0x1b]=[0x10][0xc6][0xbf][0x8a]_[0x9f][0xa3]W[0xbb][0xf6][0xfe]Ir#A[0x4][0x95]R[0xb5][0x4][0x15]UU[0x85][0xa6][0xeb][0x81][0xb5][0xea][0xd8]h[0xec][0xa5]l[0x11][0xdf][0xbd][0xa2]\[0x90]<X[0xed]1[0xf1][0xe1][0xa7][0xc7][0xf3][0xcc][0xcf][0xfb](c[0x82]4E[0xb9][0x96]q[0x1a][0x6][0x8c]Q.[0xa4][0x81][0x4]r[0xfd][0xf5]QZ#[0xd7][0xf5]B[0xe2][0xe1][0xce][0x85][0x19][0xf1][0xda][0xc3][0x1][0xe5]Z^[0xda][$[0xf1][0xc1]>[0x4]/_[0x9d]Fp@[0xb3]\kU-[0xab][0xea][0xd5][0x1][0xdc][0xa2]\w[0xf5]B[0xde]Q[0xb8][0xb1][0xe][0xaf][0xed][0xe1][0xcf]_R>-^ *[0x87][0xec][0x80][0x8]S[0x12]W[0xd6]'[0xa4][0xc8][0x81][0xea][0xbe][0xea][0xdb][0x1c][0xa4][0xb] [0x9d][0x83][0x8e][0xe2][0x98][0x82][0x17][0xdb][0xf0][0xc0]1[0x96]][0xc5]d[0xe9][\n]"
12-22-2022 15:23:06 Wire.java DEBUG [main] http.wire 73 -  << "[0x88]&Gl[0xd1][0x90][0x1d][0xc4][0x19]:7s[0x90]F[0xeb][0xaa][0xcb](J[0x15](-[0x13][0xc4][0x92][0x15]{Hab/[0xab]S}[0x9e]D[0x97].[0xab][0xcb][0x19][0x1b][0xb2][0xe8][0x1c][0x8a]+[0xeb][0x9c][0x85]C|[0xa3][0x1][0xbd][0xe2]n[0xad][0xd4][0x80]>g[0x9d]"Q0b;[0x82]7[0xe][0x89][\r][0xa5][0xfb]6[0x7][0xb5][0xab][0x2]h[0x99][0x83].[0xc6][0xe0]A[0x1c][0xc3][0xbd]5o[0x5]R[0xfd][0x8a][0xe1][0xb4][0x5][0xce][0x8a][0xa9]Ap[0xe][0xd1][0x8b][0xd3][0x89]b[0xe2]0[0xaa]j[0x99]8[0xba][0x14][0xa7][0xae]r[0xce]>[0xf8][0x19][0xc4][0x9][0x5][0x9e]RW[0xba][0xcb])[0xaa][0xd4][0x84][0x9a][0xb1][0xc0];[0xf4] v`=[0xb2][0xcb][0xb9][0xaa][0xda][0xbc][0xd2][0xba]*A[0x18][0xb]|[0x9a][0xac][0xf7][0xe2][0xc4][0xcd][0x9e][0x9f]K[0xc3][0x15][0xad][0xb8]85[0xa3][0x80][0xed][0x8]dP[0x9c][0x3][0xc5][0x11][0x9c]cW[0xb4][0xaf][0x98]K[0xd3]%[0x11][0xd4][0x8c][0x9]N[0xc1][0xe1],[0xce][0xd0]{4[0xac][\n]"
12-22-2022 15:23:06 Wire.java DEBUG [main] http.wire 73 -  << "t[0xad][0x99][\n]"
12-22-2022 15:23:06 Wire.java DEBUG [main] http.wire 87 -  << "4[0xc5][0xe1]0.[0xb8][0x84]4[0x83][0x7]qb[0xd3][0xaf];Hd[0x87][0x1f],m[0xd9]2[0x6][0xad][0x8b][0x85]c[0xac]pn[0x87][0x11][0xd0][0x89][0xbd]u[0xf7][0xc0]Vn[0xb5]dR[0x15]5Z3F[0xf8][0x8][0x93][0x13][0x9b][0x99][0xc][0xc7][0xe8]U[0xcb]I[0xa7])1[0x18][0x19][0xec]\ "
12-22-2022 15:23:06 Wire.java DEBUG [main] http.wire 87 -  << "[0xb][0xe2][0xbd]M[0xc9]![0xbb][0xa4][0xff][0xee][0x9c][0x9a][0x91][0xc1][0x86][0xc0]<waG[0xf8][0x96][0xdb][0xb8]n7[0xc5]g[0x94][0x91][0xc1]1Xqa[0x3][0xbb][0xa3][0xaa][0xe6][0xa2][0xe8][0x92][0xd6][0x14]o[0x2]L[0x9][0xc5][0x16][0x9c][0xf9][0x89][0xfc][0xfe][0xe8][0x86][0x9b]N[0xd1][0x7][0x8a][0xf1][0xc1][0x97][0x89][0xac][0xd8] [0x11][0xbb]<][0xcf]A[0x9a]"[0x84][0xd3][0x1]`[0x4][0x12][0x9f][0xc1][0xf]l[0x3][0xea][0xaa]k[0xf2][0xad]Q[0xc5][0xc9]0.8[0xe]d[0xe3][0xf3]Kj[0xf8][0x2],[0xdb][0xbf][0xd6][0xf4][0xb7][0x85]<`[0x8c]/?[0xf7]/[0x1f]r7[0x93]s[0xf3][0xe2][0xc8]9A8[0x4]2Q[0x8c][0x10][0xc5][0xf7][0xe7][0x17][0xe8][0x6][0xd3]0[0xa2][0xf9]_>[0xfd][0x6][0x0][0x0][0xff][0xff]"
12-22-2022 15:23:06 Wire.java DEBUG [main] http.wire 73 -  << "[\r][\n]"
12-22-2022 15:23:06 Wire.java DEBUG [main] http.wire 73 -  << "d[\r][\n]"
12-22-2022 15:23:06 Wire.java DEBUG [main] http.wire 73 -  << "[0x1][0x0][0x0][0xff][0xff]d[0x10]Q[0xa9][0x1][\n]"
12-22-2022 15:23:06 Wire.java DEBUG [main] http.wire 87 -  << "[0x0][0x0]"
12-22-2022 15:23:06 Wire.java DEBUG [main] http.wire 73 -  << "[\r][\n]"
12-22-2022 15:23:06 Wire.java DEBUG [main] http.wire 73 -  << "0[\r][\n]"
12-22-2022 15:23:06 Wire.java DEBUG [main] http.wire 73 -  << "[\r][\n]"
12-22-2022 15:23:06 HTTPBuilder.java DEBUG [main] internal.RequestSpecificationImpl$RestAssuredHttpBuilder 548 - Parsed data to instance of: class org.apache.http.conn.EofSensorInputStream
12-22-2022 15:23:08 TC001_GET_All_Employees.java INFO  [main] base.TestBase 86 - -------------Started vldContentType-------------
12-22-2022 15:23:08 TC001_GET_All_Employees.java INFO  [main] base.TestBase 89 - ContentType is: application/json
12-22-2022 15:23:08 TC001_GET_All_Employees.java INFO  [main] base.TestBase 91 - -------------Ended vldContentType-------------
]]></system-out>
  </testcase>
  <testcase name="vldCookies" classname="com.qa.API.tests.TC001_GET_All_Employees" time="0.001">
    <system-out><![CDATA[12-22-2022 15:23:08 TC001_GET_All_Employees.java INFO  [main] base.TestBase 110 - -------------Started vldCookies-------------
]]></system-out>
  </testcase>
  <testcase name="vldResponseBody" classname="com.qa.API.tests.TC001_GET_All_Employees" time="0.013">
    <system-out><![CDATA[12-22-2022 15:23:08 TC001_GET_All_Employees.java INFO  [main] base.TestBase 32 - -------------Started vldResponseBody-------------
12-22-2022 15:23:08 BasicClientConnectionManager.java DEBUG [main] conn.BasicClientConnectionManager 200 - Releasing connection org.apache.http.impl.conn.ManagedClientConnectionImpl@4207609e
12-22-2022 15:23:08 BasicClientConnectionManager.java DEBUG [main] conn.BasicClientConnectionManager 225 - Connection can be kept alive indefinitely
12-22-2022 15:23:08 TC001_GET_All_Employees.java INFO  [main] base.TestBase 35 - ResponseBody is: {"status":"success","data":[{"id":1,"employee_name":"Tiger Nixon","employee_salary":320800,"employee_age":61,"profile_image":""},{"id":2,"employee_name":"Garrett Winters","employee_salary":170750,"employee_age":63,"profile_image":""},{"id":3,"employee_name":"Ashton Cox","employee_salary":86000,"employee_age":66,"profile_image":""},{"id":4,"employee_name":"Cedric Kelly","employee_salary":433060,"employee_age":22,"profile_image":""},{"id":5,"employee_name":"Airi Satou","employee_salary":162700,"employee_age":33,"profile_image":""},{"id":6,"employee_name":"Brielle Williamson","employee_salary":372000,"employee_age":61,"profile_image":""},{"id":7,"employee_name":"Herrod Chandler","employee_salary":137500,"employee_age":59,"profile_image":""},{"id":8,"employee_name":"Rhona Davidson","employee_salary":327900,"employee_age":55,"profile_image":""},{"id":9,"employee_name":"Colleen Hurst","employee_salary":205500,"employee_age":39,"profile_image":""},{"id":10,"employee_name":"Sonya Frost","employee_salary":103600,"employee_age":23,"profile_image":""},{"id":11,"employee_name":"Jena Gaines","employee_salary":90560,"employee_age":30,"profile_image":""},{"id":12,"employee_name":"Quinn Flynn","employee_salary":342000,"employee_age":22,"profile_image":""},{"id":13,"employee_name":"Charde Marshall","employee_salary":470600,"employee_age":36,"profile_image":""},{"id":14,"employee_name":"Haley Kennedy","employee_salary":313500,"employee_age":43,"profile_image":""},{"id":15,"employee_name":"Tatyana Fitzpatrick","employee_salary":385750,"employee_age":19,"profile_image":""},{"id":16,"employee_name":"Michael Silva","employee_salary":198500,"employee_age":66,"profile_image":""},{"id":17,"employee_name":"Paul Byrd","employee_salary":725000,"employee_age":64,"profile_image":""},{"id":18,"employee_name":"Gloria Little","employee_salary":237500,"employee_age":59,"profile_image":""},{"id":19,"employee_name":"Bradley Greer","employee_salary":132000,"employee_age":41,"profile_image":""},{"id":20,"employee_name":"Dai Rios","employee_salary":217500,"employee_age":35,"profile_image":""},{"id":21,"employee_name":"Jenette Caldwell","employee_salary":345000,"employee_age":30,"profile_image":""},{"id":22,"employee_name":"Yuri Berry","employee_salary":675000,"employee_age":40,"profile_image":""},{"id":23,"employee_name":"Caesar Vance","employee_salary":106450,"employee_age":21,"profile_image":""},{"id":24,"employee_name":"Doris Wilder","employee_salary":85600,"employee_age":23,"profile_image":""}],"message":"Successfully! All records has been fetched."}
12-22-2022 15:23:08 TC001_GET_All_Employees.java INFO  [main] base.TestBase 38 - -------------Ended vldResponseBody-------------
]]></system-out>
  </testcase>
  <testcase name="vldResponseTime" classname="com.qa.API.tests.TC001_GET_All_Employees" time="0.001">
    <system-out><![CDATA[12-22-2022 15:23:08 TC001_GET_All_Employees.java INFO  [main] base.TestBase 70 - -------------Started vldResponseTime-------------
12-22-2022 15:23:08 TC001_GET_All_Employees.java INFO  [main] base.TestBase 75 - ResponseTime is: 424
12-22-2022 15:23:08 TC001_GET_All_Employees.java INFO  [main] base.TestBase 79 - -------------Ended vldResponseTime-------------
]]></system-out>
  </testcase>
  <testcase name="vldServerType" classname="com.qa.API.tests.TC001_GET_All_Employees" time="0.001">
    <system-out><![CDATA[12-22-2022 15:23:08 TC001_GET_All_Employees.java INFO  [main] base.TestBase 99 - -------------Started vldServerType-------------
12-22-2022 15:23:08 TC001_GET_All_Employees.java INFO  [main] base.TestBase 102 - ServerType is: nginx/1.21.6
12-22-2022 15:23:08 TC001_GET_All_Employees.java INFO  [main] base.TestBase 104 - -------------Ended vldServerType-------------
]]></system-out>
  </testcase>
  <testcase name="vldStatusCode" classname="com.qa.API.tests.TC001_GET_All_Employees" time="0.001">
    <system-out><![CDATA[12-22-2022 15:23:08 TC001_GET_All_Employees.java INFO  [main] base.TestBase 45 - -------------Started vldStatusCode-------------
12-22-2022 15:23:08 TC001_GET_All_Employees.java INFO  [main] base.TestBase 48 - StatusCode is: 200
12-22-2022 15:23:08 TC001_GET_All_Employees.java INFO  [main] base.TestBase 51 - -------------Ended vldStatusCode-------------
]]></system-out>
  </testcase>
  <testcase name="vldStatusLine" classname="com.qa.API.tests.TC001_GET_All_Employees" time="0.001">
    <system-out><![CDATA[12-22-2022 15:23:08 TC001_GET_All_Employees.java INFO  [main] base.TestBase 58 - -------------Started vldStatusLine-------------
12-22-2022 15:23:08 TC001_GET_All_Employees.java INFO  [main] base.TestBase 61 - statusLine is: HTTP/1.1 200 OK
12-22-2022 15:23:08 TC001_GET_All_Employees.java INFO  [main] base.TestBase 63 - -------------Ended vldStatusLine-------------
]]></system-out>
  </testcase>
  <testcase name="vldContentLength" classname="com.qa.API.tests.TC002_GET_Employee" time="0.001">
    <system-out><![CDATA[12-22-2022 15:23:08 TC001_GET_All_Employees.java INFO  [main] base.TestBase 117 - -------------Ended TC001_GET_All_Employees-------------
12-22-2022 15:23:08 TC002_GET_Employee.java INFO  [main] base.TestBase 19 - -------------Started TC002_GET_Employee-------------
12-22-2022 15:23:08 BasicClientConnectionManager.java DEBUG [main] conn.BasicClientConnectionManager 161 - Get connection for route {s}->https://dummy.restapiexample.com:443
12-22-2022 15:23:08 DefaultClientConnectionOperator.java DEBUG [main] conn.DefaultClientConnectionOperator 177 - Connecting to dummy.restapiexample.com:443
12-22-2022 15:23:08 RequestAddCookies.java DEBUG [main] protocol.RequestAddCookies 123 - CookieSpec selected: ignoreCookies
12-22-2022 15:23:08 RequestAuthCache.java DEBUG [main] protocol.RequestAuthCache 77 - Auth cache not set in the context
12-22-2022 15:23:08 RequestTargetAuthentication.java DEBUG [main] protocol.RequestTargetAuthentication 80 - Target auth state: UNCHALLENGED
12-22-2022 15:23:08 RequestProxyAuthentication.java DEBUG [main] protocol.RequestProxyAuthentication 89 - Proxy auth state: UNCHALLENGED
12-22-2022 15:23:08 DefaultRequestDirector.java DEBUG [main] client.DefaultHttpClient 677 - Attempt 1 to execute request
12-22-2022 15:23:08 DefaultClientConnection.java DEBUG [main] conn.DefaultClientConnection 274 - Sending request: GET /api/v1/employee/1 HTTP/1.1
12-22-2022 15:23:08 Wire.java DEBUG [main] http.wire 73 -  >> "GET /api/v1/employee/1 HTTP/1.1[\r][\n]"
12-22-2022 15:23:08 Wire.java DEBUG [main] http.wire 73 -  >> "Accept: */*[\r][\n]"
12-22-2022 15:23:08 Wire.java DEBUG [main] http.wire 73 -  >> "Host: dummy.restapiexample.com[\r][\n]"
12-22-2022 15:23:08 Wire.java DEBUG [main] http.wire 73 -  >> "Connection: Keep-Alive[\r][\n]"
12-22-2022 15:23:08 Wire.java DEBUG [main] http.wire 73 -  >> "User-Agent: Apache-HttpClient/4.5.13 (Java/17.0.5)[\r][\n]"
12-22-2022 15:23:08 Wire.java DEBUG [main] http.wire 73 -  >> "Accept-Encoding: gzip,deflate[\r][\n]"
12-22-2022 15:23:08 Wire.java DEBUG [main] http.wire 73 -  >> "[\r][\n]"
12-22-2022 15:23:08 DefaultClientConnection.java DEBUG [main] http.headers 278 - >> GET /api/v1/employee/1 HTTP/1.1
12-22-2022 15:23:08 DefaultClientConnection.java DEBUG [main] http.headers 281 - >> Accept: */*
12-22-2022 15:23:08 DefaultClientConnection.java DEBUG [main] http.headers 281 - >> Host: dummy.restapiexample.com
12-22-2022 15:23:08 DefaultClientConnection.java DEBUG [main] http.headers 281 - >> Connection: Keep-Alive
12-22-2022 15:23:08 DefaultClientConnection.java DEBUG [main] http.headers 281 - >> User-Agent: Apache-HttpClient/4.5.13 (Java/17.0.5)
12-22-2022 15:23:08 DefaultClientConnection.java DEBUG [main] http.headers 281 - >> Accept-Encoding: gzip,deflate
12-22-2022 15:23:08 Wire.java DEBUG [main] http.wire 73 -  << "HTTP/1.1 200 OK[\r][\n]"
12-22-2022 15:23:08 Wire.java DEBUG [main] http.wire 73 -  << "Cache-Control: public, max-age=2592000[\r][\n]"
12-22-2022 15:23:08 Wire.java DEBUG [main] http.wire 73 -  << "Content-Type: application/json[\r][\n]"
12-22-2022 15:23:08 Wire.java DEBUG [main] http.wire 73 -  << "Date: Thu, 22 Dec 2022 20:23:09 UTC[\r][\n]"
12-22-2022 15:23:08 Wire.java DEBUG [main] http.wire 73 -  << "Display: staticcontent_sol, orig_site_sol[\r][\n]"
12-22-2022 15:23:08 Wire.java DEBUG [main] http.wire 73 -  << "Host-Header: c2hhcmVkLmJsdWVob3N0LmNvbQ==[\r][\n]"
12-22-2022 15:23:08 Wire.java DEBUG [main] http.wire 73 -  << "Response: 200[\r][\n]"
12-22-2022 15:23:08 Wire.java DEBUG [main] http.wire 73 -  << "Server: nginx/1.21.6[\r][\n]"
12-22-2022 15:23:08 Wire.java DEBUG [main] http.wire 73 -  << "Vary: Accept-Encoding,User-Agent,Origin[\r][\n]"
12-22-2022 15:23:08 Wire.java DEBUG [main] http.wire 73 -  << "X-Endurance-Cache-Level: 2[\r][\n]"
12-22-2022 15:23:08 Wire.java DEBUG [main] http.wire 73 -  << "X-Ezoic-Cdn: Hit ds;mm;a5e7e871defdfc853ad0f0ceedab892e;2-133674-12;567202bb-54e7-4fcc-7e35-2a7a7af85feb[\r][\n]"
12-22-2022 15:23:08 Wire.java DEBUG [main] http.wire 73 -  << "X-Middleton-Display: staticcontent_sol, orig_site_sol[\r][\n]"
12-22-2022 15:23:08 Wire.java DEBUG [main] http.wire 73 -  << "X-Middleton-Response: 200[\r][\n]"
12-22-2022 15:23:08 Wire.java DEBUG [main] http.wire 73 -  << "X-Nginx-Cache: WordPress[\r][\n]"
12-22-2022 15:23:08 Wire.java DEBUG [main] http.wire 73 -  << "X-Origin-Cache-Control: no-cache, private[\r][\n]"
12-22-2022 15:23:08 Wire.java DEBUG [main] http.wire 73 -  << "X-Ratelimit-Limit: 60[\r][\n]"
12-22-2022 15:23:08 Wire.java DEBUG [main] http.wire 73 -  << "X-Ratelimit-Remaining: 58[\r][\n]"
12-22-2022 15:23:08 Wire.java DEBUG [main] http.wire 73 -  << "X-Server-Cache: false[\r][\n]"
12-22-2022 15:23:08 Wire.java DEBUG [main] http.wire 73 -  << "X-Sol: orig[\r][\n]"
12-22-2022 15:23:08 Wire.java DEBUG [main] http.wire 73 -  << "Content-Length: 179[\r][\n]"
12-22-2022 15:23:08 Wire.java DEBUG [main] http.wire 73 -  << "[\r][\n]"
12-22-2022 15:23:08 DefaultClientConnection.java DEBUG [main] conn.DefaultClientConnection 259 - Receiving response: HTTP/1.1 200 OK
12-22-2022 15:23:08 DefaultClientConnection.java DEBUG [main] http.headers 262 - << HTTP/1.1 200 OK
12-22-2022 15:23:08 DefaultClientConnection.java DEBUG [main] http.headers 265 - << Cache-Control: public, max-age=2592000
12-22-2022 15:23:08 DefaultClientConnection.java DEBUG [main] http.headers 265 - << Content-Type: application/json
12-22-2022 15:23:08 DefaultClientConnection.java DEBUG [main] http.headers 265 - << Date: Thu, 22 Dec 2022 20:23:09 UTC
12-22-2022 15:23:08 DefaultClientConnection.java DEBUG [main] http.headers 265 - << Display: staticcontent_sol, orig_site_sol
12-22-2022 15:23:08 DefaultClientConnection.java DEBUG [main] http.headers 265 - << Host-Header: c2hhcmVkLmJsdWVob3N0LmNvbQ==
12-22-2022 15:23:08 DefaultClientConnection.java DEBUG [main] http.headers 265 - << Response: 200
12-22-2022 15:23:08 DefaultClientConnection.java DEBUG [main] http.headers 265 - << Server: nginx/1.21.6
12-22-2022 15:23:08 DefaultClientConnection.java DEBUG [main] http.headers 265 - << Vary: Accept-Encoding,User-Agent,Origin
12-22-2022 15:23:08 DefaultClientConnection.java DEBUG [main] http.headers 265 - << X-Endurance-Cache-Level: 2
12-22-2022 15:23:08 DefaultClientConnection.java DEBUG [main] http.headers 265 - << X-Ezoic-Cdn: Hit ds;mm;a5e7e871defdfc853ad0f0ceedab892e;2-133674-12;567202bb-54e7-4fcc-7e35-2a7a7af85feb
12-22-2022 15:23:08 DefaultClientConnection.java DEBUG [main] http.headers 265 - << X-Middleton-Display: staticcontent_sol, orig_site_sol
12-22-2022 15:23:08 DefaultClientConnection.java DEBUG [main] http.headers 265 - << X-Middleton-Response: 200
12-22-2022 15:23:08 DefaultClientConnection.java DEBUG [main] http.headers 265 - << X-Nginx-Cache: WordPress
12-22-2022 15:23:08 DefaultClientConnection.java DEBUG [main] http.headers 265 - << X-Origin-Cache-Control: no-cache, private
12-22-2022 15:23:08 DefaultClientConnection.java DEBUG [main] http.headers 265 - << X-Ratelimit-Limit: 60
12-22-2022 15:23:08 DefaultClientConnection.java DEBUG [main] http.headers 265 - << X-Ratelimit-Remaining: 58
12-22-2022 15:23:08 DefaultClientConnection.java DEBUG [main] http.headers 265 - << X-Server-Cache: false
12-22-2022 15:23:08 DefaultClientConnection.java DEBUG [main] http.headers 265 - << X-Sol: orig
12-22-2022 15:23:08 DefaultClientConnection.java DEBUG [main] http.headers 265 - << Content-Length: 179
12-22-2022 15:23:08 DefaultRequestDirector.java DEBUG [main] client.DefaultHttpClient 504 - Connection can be kept alive indefinitely
12-22-2022 15:23:08 HTTPBuilder.java DEBUG [main] internal.RequestSpecificationImpl$RestAssuredHttpBuilder 545 - Parsing response as: application/json
12-22-2022 15:23:08 HTTPBuilder.java DEBUG [main] internal.RequestSpecificationImpl$RestAssuredHttpBuilder 548 - Parsed data to instance of: class org.apache.http.conn.EofSensorInputStream
12-22-2022 15:23:10 TC002_GET_Employee.java INFO  [main] base.TestBase 109 - -------------Started vldContentLength-------------
Content-Length: 179
12-22-2022 15:23:10 TC002_GET_Employee.java INFO  [main] base.TestBase 113 - -------------Ended vldContentLength-------------
]]></system-out>
  </testcase>
  <testcase name="vldContentType" classname="com.qa.API.tests.TC002_GET_Employee" time="0.002">
    <system-out><![CDATA[12-22-2022 15:23:10 TC002_GET_Employee.java INFO  [main] base.TestBase 86 - -------------Started vldContentType-------------
12-22-2022 15:23:10 TC002_GET_Employee.java INFO  [main] base.TestBase 89 - ContentType is: application/json
12-22-2022 15:23:10 TC002_GET_Employee.java INFO  [main] base.TestBase 91 - -------------Ended vldContentType-------------
]]></system-out>
  </testcase>
  <testcase name="vldCookies" classname="com.qa.API.tests.TC002_GET_Employee" time="0">
    <system-out><![CDATA[12-22-2022 15:23:10 TC002_GET_Employee.java INFO  [main] base.TestBase 118 - -------------Started vldCookies-------------
]]></system-out>
  </testcase>
  <testcase name="vldResponseBody" classname="com.qa.API.tests.TC002_GET_Employee" time="0.002">
    <system-out><![CDATA[12-22-2022 15:23:10 TC002_GET_Employee.java INFO  [main] base.TestBase 32 - -------------Started vldResponseBody-------------
12-22-2022 15:23:10 Wire.java DEBUG [main] http.wire 87 -  << "{"status":"success","data":{"id":1,"employee_name":"Tiger Nixon","employee_salary":320800,"employee_age":61,"profile_image":""},"message":"Successfully! Record has been fetched."}"
12-22-2022 15:23:10 BasicClientConnectionManager.java DEBUG [main] conn.BasicClientConnectionManager 200 - Releasing connection org.apache.http.impl.conn.ManagedClientConnectionImpl@60cf62ad
12-22-2022 15:23:10 BasicClientConnectionManager.java DEBUG [main] conn.BasicClientConnectionManager 225 - Connection can be kept alive indefinitely
12-22-2022 15:23:10 TC002_GET_Employee.java INFO  [main] base.TestBase 35 - ResponseBody is: {"status":"success","data":{"id":1,"employee_name":"Tiger Nixon","employee_salary":320800,"employee_age":61,"profile_image":""},"message":"Successfully! Record has been fetched."}
12-22-2022 15:23:10 TC002_GET_Employee.java INFO  [main] base.TestBase 38 - -------------Ended vldResponseBody-------------
]]></system-out>
  </testcase>
  <testcase name="vldResponseTime" classname="com.qa.API.tests.TC002_GET_Employee" time="0">
    <system-out><![CDATA[12-22-2022 15:23:10 TC002_GET_Employee.java INFO  [main] base.TestBase 70 - -------------Started vldResponseTime-------------
12-22-2022 15:23:10 TC002_GET_Employee.java INFO  [main] base.TestBase 75 - ResponseTime is: 118
12-22-2022 15:23:10 TC002_GET_Employee.java INFO  [main] base.TestBase 79 - -------------Ended vldResponseTime-------------
]]></system-out>
  </testcase>
  <testcase name="vldServerType" classname="com.qa.API.tests.TC002_GET_Employee" time="0.001">
    <system-out><![CDATA[12-22-2022 15:23:10 TC002_GET_Employee.java INFO  [main] base.TestBase 98 - -------------Started vldServerType-------------
12-22-2022 15:23:10 TC002_GET_Employee.java INFO  [main] base.TestBase 101 - ServerType is: nginx/1.21.6
12-22-2022 15:23:10 TC002_GET_Employee.java INFO  [main] base.TestBase 103 - -------------Ended vldServerType-------------
]]></system-out>
  </testcase>
  <testcase name="vldStatusCode" classname="com.qa.API.tests.TC002_GET_Employee" time="0.001">
    <system-out><![CDATA[12-22-2022 15:23:10 TC002_GET_Employee.java INFO  [main] base.TestBase 45 - -------------Started vldStatusCode-------------
12-22-2022 15:23:10 TC002_GET_Employee.java INFO  [main] base.TestBase 48 - StatusCode is: 200
12-22-2022 15:23:10 TC002_GET_Employee.java INFO  [main] base.TestBase 51 - -------------Ended vldStatusCode-------------
]]></system-out>
  </testcase>
  <testcase name="vldStatusLine" classname="com.qa.API.tests.TC002_GET_Employee" time="0.001">
    <system-out><![CDATA[12-22-2022 15:23:10 TC002_GET_Employee.java INFO  [main] base.TestBase 58 - -------------Started vldStatusLine-------------
12-22-2022 15:23:10 TC002_GET_Employee.java INFO  [main] base.TestBase 61 - statusLine is: HTTP/1.1 200 OK
12-22-2022 15:23:10 TC002_GET_Employee.java INFO  [main] base.TestBase 63 - -------------Ended vldStatusLine-------------
]]></system-out>
  </testcase>
  <testcase name="vldContentType" classname="com.qa.API.tests.TC003_POST_Employee" time="0.001">
    <system-out><![CDATA[12-22-2022 15:23:10 TC002_GET_Employee.java INFO  [main] base.TestBase 125 - -------------Ended TC002_GET_Employee-------------
12-22-2022 15:23:10 TC003_POST_Employee.java INFO  [main] base.TestBase 25 - -------------Started TC003_POST_Employee-------------
12-22-2022 15:23:10 BasicClientConnectionManager.java DEBUG [main] conn.BasicClientConnectionManager 161 - Get connection for route {s}->https://dummy.restapiexample.com:443
12-22-2022 15:23:10 DefaultClientConnectionOperator.java DEBUG [main] conn.DefaultClientConnectionOperator 177 - Connecting to dummy.restapiexample.com:443
12-22-2022 15:23:10 RequestAddCookies.java DEBUG [main] protocol.RequestAddCookies 123 - CookieSpec selected: ignoreCookies
12-22-2022 15:23:10 RequestAuthCache.java DEBUG [main] protocol.RequestAuthCache 77 - Auth cache not set in the context
12-22-2022 15:23:10 RequestTargetAuthentication.java DEBUG [main] protocol.RequestTargetAuthentication 80 - Target auth state: UNCHALLENGED
12-22-2022 15:23:10 RequestProxyAuthentication.java DEBUG [main] protocol.RequestProxyAuthentication 89 - Proxy auth state: UNCHALLENGED
12-22-2022 15:23:10 DefaultRequestDirector.java DEBUG [main] client.DefaultHttpClient 677 - Attempt 1 to execute request
12-22-2022 15:23:10 DefaultClientConnection.java DEBUG [main] conn.DefaultClientConnection 274 - Sending request: POST /api/v1/create HTTP/1.1
12-22-2022 15:23:10 Wire.java DEBUG [main] http.wire 73 -  >> "POST /api/v1/create HTTP/1.1[\r][\n]"
12-22-2022 15:23:10 Wire.java DEBUG [main] http.wire 73 -  >> "Content-Type: application/json[\r][\n]"
12-22-2022 15:23:10 Wire.java DEBUG [main] http.wire 73 -  >> "Accept: */*[\r][\n]"
12-22-2022 15:23:10 Wire.java DEBUG [main] http.wire 73 -  >> "Content-Length: 0[\r][\n]"
12-22-2022 15:23:10 Wire.java DEBUG [main] http.wire 73 -  >> "Host: dummy.restapiexample.com[\r][\n]"
12-22-2022 15:23:10 Wire.java DEBUG [main] http.wire 73 -  >> "Connection: Keep-Alive[\r][\n]"
12-22-2022 15:23:10 Wire.java DEBUG [main] http.wire 73 -  >> "User-Agent: Apache-HttpClient/4.5.13 (Java/17.0.5)[\r][\n]"
12-22-2022 15:23:10 Wire.java DEBUG [main] http.wire 73 -  >> "Accept-Encoding: gzip,deflate[\r][\n]"
12-22-2022 15:23:10 Wire.java DEBUG [main] http.wire 73 -  >> "[\r][\n]"
12-22-2022 15:23:10 DefaultClientConnection.java DEBUG [main] http.headers 278 - >> POST /api/v1/create HTTP/1.1
12-22-2022 15:23:10 DefaultClientConnection.java DEBUG [main] http.headers 281 - >> Content-Type: application/json
12-22-2022 15:23:10 DefaultClientConnection.java DEBUG [main] http.headers 281 - >> Accept: */*
12-22-2022 15:23:10 DefaultClientConnection.java DEBUG [main] http.headers 281 - >> Content-Length: 0
12-22-2022 15:23:10 DefaultClientConnection.java DEBUG [main] http.headers 281 - >> Host: dummy.restapiexample.com
12-22-2022 15:23:10 DefaultClientConnection.java DEBUG [main] http.headers 281 - >> Connection: Keep-Alive
12-22-2022 15:23:10 DefaultClientConnection.java DEBUG [main] http.headers 281 - >> User-Agent: Apache-HttpClient/4.5.13 (Java/17.0.5)
12-22-2022 15:23:10 DefaultClientConnection.java DEBUG [main] http.headers 281 - >> Accept-Encoding: gzip,deflate
12-22-2022 15:23:11 Wire.java DEBUG [main] http.wire 73 -  << "HTTP/1.1 200 OK[\r][\n]"
12-22-2022 15:23:11 Wire.java DEBUG [main] http.wire 73 -  << "Cache-Control: no-cache, private, max-age=21600[\r][\n]"
12-22-2022 15:23:11 Wire.java DEBUG [main] http.wire 73 -  << "Content-Type: application/json[\r][\n]"
12-22-2022 15:23:11 Wire.java DEBUG [main] http.wire 73 -  << "Date: Thu, 22 Dec 2022 20:23:12 GMT[\r][\n]"
12-22-2022 15:23:11 Wire.java DEBUG [main] http.wire 73 -  << "Display: staticcontent_sol, orig_site_sol[\r][\n]"
12-22-2022 15:23:11 Wire.java DEBUG [main] http.wire 73 -  << "Expires: Fri, 23 Dec 2022 02:23:12 GMT[\r][\n]"
12-22-2022 15:23:11 Wire.java DEBUG [main] http.wire 73 -  << "Host-Header: c2hhcmVkLmJsdWVob3N0LmNvbQ==[\r][\n]"
12-22-2022 15:23:11 Wire.java DEBUG [main] http.wire 73 -  << "Response: 200[\r][\n]"
12-22-2022 15:23:11 Wire.java DEBUG [main] http.wire 73 -  << "Server: Apache[\r][\n]"
12-22-2022 15:23:11 Wire.java DEBUG [main] http.wire 73 -  << "Vary: Accept-Encoding,Origin[\r][\n]"
12-22-2022 15:23:11 Wire.java DEBUG [main] http.wire 73 -  << "X-Endurance-Cache-Level: 2[\r][\n]"
12-22-2022 15:23:11 Wire.java DEBUG [main] http.wire 73 -  << "X-Ezoic-Cdn: Miss[\r][\n]"
12-22-2022 15:23:11 Wire.java DEBUG [main] http.wire 73 -  << "X-Middleton-Display: staticcontent_sol, orig_site_sol[\r][\n]"
12-22-2022 15:23:11 Wire.java DEBUG [main] http.wire 73 -  << "X-Middleton-Response: 200[\r][\n]"
12-22-2022 15:23:11 Wire.java DEBUG [main] http.wire 73 -  << "X-Nginx-Cache: WordPress[\r][\n]"
12-22-2022 15:23:11 Wire.java DEBUG [main] http.wire 73 -  << "X-Origin-Cache-Control: no-cache, private[\r][\n]"
12-22-2022 15:23:11 Wire.java DEBUG [main] http.wire 73 -  << "X-Ratelimit-Limit: 60[\r][\n]"
12-22-2022 15:23:11 Wire.java DEBUG [main] http.wire 73 -  << "X-Ratelimit-Remaining: 58[\r][\n]"
12-22-2022 15:23:11 Wire.java DEBUG [main] http.wire 73 -  << "X-Sol: orig[\r][\n]"
12-22-2022 15:23:11 Wire.java DEBUG [main] http.wire 73 -  << "Content-Length: 88[\r][\n]"
12-22-2022 15:23:11 Wire.java DEBUG [main] http.wire 73 -  << "[\r][\n]"
12-22-2022 15:23:11 DefaultClientConnection.java DEBUG [main] conn.DefaultClientConnection 259 - Receiving response: HTTP/1.1 200 OK
12-22-2022 15:23:11 DefaultClientConnection.java DEBUG [main] http.headers 262 - << HTTP/1.1 200 OK
12-22-2022 15:23:11 DefaultClientConnection.java DEBUG [main] http.headers 265 - << Cache-Control: no-cache, private, max-age=21600
12-22-2022 15:23:11 DefaultClientConnection.java DEBUG [main] http.headers 265 - << Content-Type: application/json
12-22-2022 15:23:11 DefaultClientConnection.java DEBUG [main] http.headers 265 - << Date: Thu, 22 Dec 2022 20:23:12 GMT
12-22-2022 15:23:11 DefaultClientConnection.java DEBUG [main] http.headers 265 - << Display: staticcontent_sol, orig_site_sol
12-22-2022 15:23:11 DefaultClientConnection.java DEBUG [main] http.headers 265 - << Expires: Fri, 23 Dec 2022 02:23:12 GMT
12-22-2022 15:23:11 DefaultClientConnection.java DEBUG [main] http.headers 265 - << Host-Header: c2hhcmVkLmJsdWVob3N0LmNvbQ==
12-22-2022 15:23:11 DefaultClientConnection.java DEBUG [main] http.headers 265 - << Response: 200
12-22-2022 15:23:11 DefaultClientConnection.java DEBUG [main] http.headers 265 - << Server: Apache
12-22-2022 15:23:11 DefaultClientConnection.java DEBUG [main] http.headers 265 - << Vary: Accept-Encoding,Origin
12-22-2022 15:23:11 DefaultClientConnection.java DEBUG [main] http.headers 265 - << X-Endurance-Cache-Level: 2
12-22-2022 15:23:11 DefaultClientConnection.java DEBUG [main] http.headers 265 - << X-Ezoic-Cdn: Miss
12-22-2022 15:23:11 DefaultClientConnection.java DEBUG [main] http.headers 265 - << X-Middleton-Display: staticcontent_sol, orig_site_sol
12-22-2022 15:23:11 DefaultClientConnection.java DEBUG [main] http.headers 265 - << X-Middleton-Response: 200
12-22-2022 15:23:11 DefaultClientConnection.java DEBUG [main] http.headers 265 - << X-Nginx-Cache: WordPress
12-22-2022 15:23:11 DefaultClientConnection.java DEBUG [main] http.headers 265 - << X-Origin-Cache-Control: no-cache, private
12-22-2022 15:23:11 DefaultClientConnection.java DEBUG [main] http.headers 265 - << X-Ratelimit-Limit: 60
12-22-2022 15:23:11 DefaultClientConnection.java DEBUG [main] http.headers 265 - << X-Ratelimit-Remaining: 58
12-22-2022 15:23:11 DefaultClientConnection.java DEBUG [main] http.headers 265 - << X-Sol: orig
12-22-2022 15:23:11 DefaultClientConnection.java DEBUG [main] http.headers 265 - << Content-Length: 88
12-22-2022 15:23:11 DefaultRequestDirector.java DEBUG [main] client.DefaultHttpClient 504 - Connection can be kept alive indefinitely
12-22-2022 15:23:11 HTTPBuilder.java DEBUG [main] internal.RequestSpecificationImpl$RestAssuredHttpBuilder 545 - Parsing response as: application/json
12-22-2022 15:23:11 HTTPBuilder.java DEBUG [main] internal.RequestSpecificationImpl$RestAssuredHttpBuilder 548 - Parsed data to instance of: class org.apache.http.conn.EofSensorInputStream
12-22-2022 15:23:13 TC003_POST_Employee.java INFO  [main] base.TestBase 100 - -------------Started vldContentType-------------
12-22-2022 15:23:13 TC003_POST_Employee.java INFO  [main] base.TestBase 103 - ContentType is: application/json
12-22-2022 15:23:13 TC003_POST_Employee.java INFO  [main] base.TestBase 105 - -------------Ended vldContentType-------------
]]></system-out>
  </testcase>
  <testcase name="vldCookies" classname="com.qa.API.tests.TC003_POST_Employee" time="0.001">
    <system-out><![CDATA[12-22-2022 15:23:13 TC003_POST_Employee.java INFO  [main] base.TestBase 123 - -------------Started vldCookies-------------
]]></system-out>
  </testcase>
  <testcase name="vldResponseBody" classname="com.qa.API.tests.TC003_POST_Employee" time="0.001">
    <system-out><![CDATA[12-22-2022 15:23:13 TC003_POST_Employee.java INFO  [main] base.TestBase 46 - -------------Started vldResponseBody-------------
12-22-2022 15:23:13 Wire.java DEBUG [main] http.wire 87 -  << "{"status":"success","data":{"id":3475},"message":"Successfully! Record has been added."}"
12-22-2022 15:23:13 BasicClientConnectionManager.java DEBUG [main] conn.BasicClientConnectionManager 200 - Releasing connection org.apache.http.impl.conn.ManagedClientConnectionImpl@6dd1c3ed
12-22-2022 15:23:13 BasicClientConnectionManager.java DEBUG [main] conn.BasicClientConnectionManager 225 - Connection can be kept alive indefinitely
12-22-2022 15:23:13 TC003_POST_Employee.java INFO  [main] base.TestBase 49 - ResponseBody is: {"status":"success","data":{"id":3475},"message":"Successfully! Record has been added."}
12-22-2022 15:23:13 TC003_POST_Employee.java INFO  [main] base.TestBase 52 - -------------Ended vldResponseBody-------------
]]></system-out>
  </testcase>
  <testcase name="vldResponseTime" classname="com.qa.API.tests.TC003_POST_Employee" time="0.001">
    <system-out><![CDATA[12-22-2022 15:23:13 TC003_POST_Employee.java INFO  [main] base.TestBase 84 - -------------Started vldResponseTime-------------
12-22-2022 15:23:13 TC003_POST_Employee.java INFO  [main] base.TestBase 89 - ResponseTime is: 434
12-22-2022 15:23:13 TC003_POST_Employee.java INFO  [main] base.TestBase 93 - -------------Ended vldResponseTime-------------
]]></system-out>
  </testcase>
  <testcase name="vldServerType" classname="com.qa.API.tests.TC003_POST_Employee" time="0.001">
    <system-out><![CDATA[12-22-2022 15:23:13 TC003_POST_Employee.java INFO  [main] base.TestBase 112 - -------------Started vldServerType-------------
12-22-2022 15:23:13 TC003_POST_Employee.java INFO  [main] base.TestBase 115 - ServerType is: Apache
12-22-2022 15:23:13 TC003_POST_Employee.java INFO  [main] base.TestBase 117 - -------------Ended vldServerType-------------
]]></system-out>
  </testcase>
  <testcase name="vldStatusCode" classname="com.qa.API.tests.TC003_POST_Employee" time="0.001">
    <system-out><![CDATA[12-22-2022 15:23:13 TC003_POST_Employee.java INFO  [main] base.TestBase 59 - -------------Started vldStatusCode-------------
12-22-2022 15:23:13 TC003_POST_Employee.java INFO  [main] base.TestBase 62 - StatusCode is: 200
12-22-2022 15:23:13 TC003_POST_Employee.java INFO  [main] base.TestBase 65 - -------------Ended vldStatusCode-------------
]]></system-out>
  </testcase>
  <testcase name="vldStatusLine" classname="com.qa.API.tests.TC003_POST_Employee" time="0.001">
    <system-out><![CDATA[12-22-2022 15:23:13 TC003_POST_Employee.java INFO  [main] base.TestBase 72 - -------------Started vldStatusLine-------------
12-22-2022 15:23:13 TC003_POST_Employee.java INFO  [main] base.TestBase 75 - statusLine is: HTTP/1.1 200 OK
12-22-2022 15:23:13 TC003_POST_Employee.java INFO  [main] base.TestBase 77 - -------------Ended vldStatusLine-------------
]]></system-out>
  </testcase>
  <testcase name="vldContentType" classname="com.qa.API.tests.TC004_PUT_EmployeeRecord" time="0.001">
    <system-out><![CDATA[12-22-2022 15:23:13 TC003_POST_Employee.java INFO  [main] base.TestBase 130 - -------------Ended TC003_POST_Employee-------------
12-22-2022 15:23:13 TC004_PUT_EmployeeRecord.java INFO  [main] base.TestBase 25 - -------------Started TC004_PUT_EmployeeRecord-------------
12-22-2022 15:23:13 BasicClientConnectionManager.java DEBUG [main] conn.BasicClientConnectionManager 161 - Get connection for route {s}->https://dummy.restapiexample.com:443
12-22-2022 15:23:13 DefaultClientConnectionOperator.java DEBUG [main] conn.DefaultClientConnectionOperator 177 - Connecting to dummy.restapiexample.com:443
12-22-2022 15:23:13 RequestAddCookies.java DEBUG [main] protocol.RequestAddCookies 123 - CookieSpec selected: ignoreCookies
12-22-2022 15:23:13 RequestAuthCache.java DEBUG [main] protocol.RequestAuthCache 77 - Auth cache not set in the context
12-22-2022 15:23:13 RequestTargetAuthentication.java DEBUG [main] protocol.RequestTargetAuthentication 80 - Target auth state: UNCHALLENGED
12-22-2022 15:23:13 RequestProxyAuthentication.java DEBUG [main] protocol.RequestProxyAuthentication 89 - Proxy auth state: UNCHALLENGED
12-22-2022 15:23:13 DefaultRequestDirector.java DEBUG [main] client.DefaultHttpClient 677 - Attempt 1 to execute request
12-22-2022 15:23:13 DefaultClientConnection.java DEBUG [main] conn.DefaultClientConnection 274 - Sending request: PUT /api/v1/update/21 HTTP/1.1
12-22-2022 15:23:13 Wire.java DEBUG [main] http.wire 73 -  >> "PUT /api/v1/update/21 HTTP/1.1[\r][\n]"
12-22-2022 15:23:13 Wire.java DEBUG [main] http.wire 73 -  >> "Content-Type: application/json[\r][\n]"
12-22-2022 15:23:13 Wire.java DEBUG [main] http.wire 73 -  >> "Accept: */*[\r][\n]"
12-22-2022 15:23:13 Wire.java DEBUG [main] http.wire 73 -  >> "Content-Length: 0[\r][\n]"
12-22-2022 15:23:13 Wire.java DEBUG [main] http.wire 73 -  >> "Host: dummy.restapiexample.com[\r][\n]"
12-22-2022 15:23:13 Wire.java DEBUG [main] http.wire 73 -  >> "Connection: Keep-Alive[\r][\n]"
12-22-2022 15:23:13 Wire.java DEBUG [main] http.wire 73 -  >> "User-Agent: Apache-HttpClient/4.5.13 (Java/17.0.5)[\r][\n]"
12-22-2022 15:23:13 Wire.java DEBUG [main] http.wire 73 -  >> "Accept-Encoding: gzip,deflate[\r][\n]"
12-22-2022 15:23:13 Wire.java DEBUG [main] http.wire 73 -  >> "[\r][\n]"
12-22-2022 15:23:13 DefaultClientConnection.java DEBUG [main] http.headers 278 - >> PUT /api/v1/update/21 HTTP/1.1
12-22-2022 15:23:13 DefaultClientConnection.java DEBUG [main] http.headers 281 - >> Content-Type: application/json
12-22-2022 15:23:13 DefaultClientConnection.java DEBUG [main] http.headers 281 - >> Accept: */*
12-22-2022 15:23:13 DefaultClientConnection.java DEBUG [main] http.headers 281 - >> Content-Length: 0
12-22-2022 15:23:13 DefaultClientConnection.java DEBUG [main] http.headers 281 - >> Host: dummy.restapiexample.com
12-22-2022 15:23:13 DefaultClientConnection.java DEBUG [main] http.headers 281 - >> Connection: Keep-Alive
12-22-2022 15:23:13 DefaultClientConnection.java DEBUG [main] http.headers 281 - >> User-Agent: Apache-HttpClient/4.5.13 (Java/17.0.5)
12-22-2022 15:23:13 DefaultClientConnection.java DEBUG [main] http.headers 281 - >> Accept-Encoding: gzip,deflate
12-22-2022 15:23:13 Wire.java DEBUG [main] http.wire 73 -  << "HTTP/1.1 200 OK[\r][\n]"
12-22-2022 15:23:13 Wire.java DEBUG [main] http.wire 73 -  << "Cache-Control: no-cache, private, max-age=21600[\r][\n]"
12-22-2022 15:23:13 Wire.java DEBUG [main] http.wire 73 -  << "Content-Type: application/json[\r][\n]"
12-22-2022 15:23:13 Wire.java DEBUG [main] http.wire 73 -  << "Date: Thu, 22 Dec 2022 20:23:14 GMT[\r][\n]"
12-22-2022 15:23:13 Wire.java DEBUG [main] http.wire 73 -  << "Display: staticcontent_sol, orig_site_sol[\r][\n]"
12-22-2022 15:23:13 Wire.java DEBUG [main] http.wire 73 -  << "Expires: Fri, 23 Dec 2022 02:23:14 GMT[\r][\n]"
12-22-2022 15:23:13 Wire.java DEBUG [main] http.wire 73 -  << "Host-Header: c2hhcmVkLmJsdWVob3N0LmNvbQ==[\r][\n]"
12-22-2022 15:23:13 Wire.java DEBUG [main] http.wire 73 -  << "Response: 200[\r][\n]"
12-22-2022 15:23:13 Wire.java DEBUG [main] http.wire 73 -  << "Server: Apache[\r][\n]"
12-22-2022 15:23:13 Wire.java DEBUG [main] http.wire 73 -  << "Vary: Accept-Encoding,Origin[\r][\n]"
12-22-2022 15:23:13 Wire.java DEBUG [main] http.wire 73 -  << "X-Endurance-Cache-Level: 2[\r][\n]"
12-22-2022 15:23:13 Wire.java DEBUG [main] http.wire 73 -  << "X-Ezoic-Cdn: Miss[\r][\n]"
12-22-2022 15:23:13 Wire.java DEBUG [main] http.wire 73 -  << "X-Middleton-Display: staticcontent_sol, orig_site_sol[\r][\n]"
12-22-2022 15:23:13 Wire.java DEBUG [main] http.wire 73 -  << "X-Middleton-Response: 200[\r][\n]"
12-22-2022 15:23:13 Wire.java DEBUG [main] http.wire 73 -  << "X-Nginx-Cache: WordPress[\r][\n]"
12-22-2022 15:23:13 Wire.java DEBUG [main] http.wire 73 -  << "X-Origin-Cache-Control: no-cache, private[\r][\n]"
12-22-2022 15:23:13 Wire.java DEBUG [main] http.wire 73 -  << "X-Ratelimit-Limit: 60[\r][\n]"
12-22-2022 15:23:13 Wire.java DEBUG [main] http.wire 73 -  << "X-Ratelimit-Remaining: 58[\r][\n]"
12-22-2022 15:23:13 Wire.java DEBUG [main] http.wire 73 -  << "X-Sol: orig[\r][\n]"
12-22-2022 15:23:13 Wire.java DEBUG [main] http.wire 73 -  << "Content-Length: 81[\r][\n]"
12-22-2022 15:23:13 Wire.java DEBUG [main] http.wire 73 -  << "[\r][\n]"
12-22-2022 15:23:13 DefaultClientConnection.java DEBUG [main] conn.DefaultClientConnection 259 - Receiving response: HTTP/1.1 200 OK
12-22-2022 15:23:13 DefaultClientConnection.java DEBUG [main] http.headers 262 - << HTTP/1.1 200 OK
12-22-2022 15:23:13 DefaultClientConnection.java DEBUG [main] http.headers 265 - << Cache-Control: no-cache, private, max-age=21600
12-22-2022 15:23:13 DefaultClientConnection.java DEBUG [main] http.headers 265 - << Content-Type: application/json
12-22-2022 15:23:13 DefaultClientConnection.java DEBUG [main] http.headers 265 - << Date: Thu, 22 Dec 2022 20:23:14 GMT
12-22-2022 15:23:13 DefaultClientConnection.java DEBUG [main] http.headers 265 - << Display: staticcontent_sol, orig_site_sol
12-22-2022 15:23:13 DefaultClientConnection.java DEBUG [main] http.headers 265 - << Expires: Fri, 23 Dec 2022 02:23:14 GMT
12-22-2022 15:23:13 DefaultClientConnection.java DEBUG [main] http.headers 265 - << Host-Header: c2hhcmVkLmJsdWVob3N0LmNvbQ==
12-22-2022 15:23:13 DefaultClientConnection.java DEBUG [main] http.headers 265 - << Response: 200
12-22-2022 15:23:13 DefaultClientConnection.java DEBUG [main] http.headers 265 - << Server: Apache
12-22-2022 15:23:13 DefaultClientConnection.java DEBUG [main] http.headers 265 - << Vary: Accept-Encoding,Origin
12-22-2022 15:23:13 DefaultClientConnection.java DEBUG [main] http.headers 265 - << X-Endurance-Cache-Level: 2
12-22-2022 15:23:13 DefaultClientConnection.java DEBUG [main] http.headers 265 - << X-Ezoic-Cdn: Miss
12-22-2022 15:23:13 DefaultClientConnection.java DEBUG [main] http.headers 265 - << X-Middleton-Display: staticcontent_sol, orig_site_sol
12-22-2022 15:23:13 DefaultClientConnection.java DEBUG [main] http.headers 265 - << X-Middleton-Response: 200
12-22-2022 15:23:13 DefaultClientConnection.java DEBUG [main] http.headers 265 - << X-Nginx-Cache: WordPress
12-22-2022 15:23:13 DefaultClientConnection.java DEBUG [main] http.headers 265 - << X-Origin-Cache-Control: no-cache, private
12-22-2022 15:23:13 DefaultClientConnection.java DEBUG [main] http.headers 265 - << X-Ratelimit-Limit: 60
12-22-2022 15:23:13 DefaultClientConnection.java DEBUG [main] http.headers 265 - << X-Ratelimit-Remaining: 58
12-22-2022 15:23:13 DefaultClientConnection.java DEBUG [main] http.headers 265 - << X-Sol: orig
12-22-2022 15:23:13 DefaultClientConnection.java DEBUG [main] http.headers 265 - << Content-Length: 81
12-22-2022 15:23:13 DefaultRequestDirector.java DEBUG [main] client.DefaultHttpClient 504 - Connection can be kept alive indefinitely
12-22-2022 15:23:13 HTTPBuilder.java DEBUG [main] internal.RequestSpecificationImpl$RestAssuredHttpBuilder 545 - Parsing response as: application/json
12-22-2022 15:23:13 HTTPBuilder.java DEBUG [main] internal.RequestSpecificationImpl$RestAssuredHttpBuilder 548 - Parsed data to instance of: class org.apache.http.conn.EofSensorInputStream
12-22-2022 15:23:15 TC004_PUT_EmployeeRecord.java INFO  [main] base.TestBase 100 - -------------Started vldContentType-------------
12-22-2022 15:23:15 TC004_PUT_EmployeeRecord.java INFO  [main] base.TestBase 103 - ContentType is: application/json
12-22-2022 15:23:15 TC004_PUT_EmployeeRecord.java INFO  [main] base.TestBase 105 - -------------Ended vldContentType-------------
]]></system-out>
  </testcase>
  <testcase name="vldCookies" classname="com.qa.API.tests.TC004_PUT_EmployeeRecord" time="0.001">
    <system-out><![CDATA[12-22-2022 15:23:15 TC004_PUT_EmployeeRecord.java INFO  [main] base.TestBase 123 - -------------Started vldCookies-------------
]]></system-out>
  </testcase>
  <testcase name="vldResponseBody" classname="com.qa.API.tests.TC004_PUT_EmployeeRecord" time="0.001">
    <system-out><![CDATA[12-22-2022 15:23:15 TC004_PUT_EmployeeRecord.java INFO  [main] base.TestBase 46 - -------------Started vldResponseBody-------------
12-22-2022 15:23:15 Wire.java DEBUG [main] http.wire 87 -  << "{"status":"success","data":[],"message":"Successfully! Record has been updated."}"
12-22-2022 15:23:15 BasicClientConnectionManager.java DEBUG [main] conn.BasicClientConnectionManager 200 - Releasing connection org.apache.http.impl.conn.ManagedClientConnectionImpl@5484117b
12-22-2022 15:23:15 BasicClientConnectionManager.java DEBUG [main] conn.BasicClientConnectionManager 225 - Connection can be kept alive indefinitely
12-22-2022 15:23:15 TC004_PUT_EmployeeRecord.java INFO  [main] base.TestBase 49 - ResponseBody is: {"status":"success","data":[],"message":"Successfully! Record has been updated."}
12-22-2022 15:23:15 TC004_PUT_EmployeeRecord.java INFO  [main] base.TestBase 52 - -------------Ended vldResponseBody-------------
]]></system-out>
  </testcase>
  <testcase name="vldResponseTime" classname="com.qa.API.tests.TC004_PUT_EmployeeRecord" time="0.001">
    <system-out><![CDATA[12-22-2022 15:23:15 TC004_PUT_EmployeeRecord.java INFO  [main] base.TestBase 84 - -------------Started vldResponseTime-------------
12-22-2022 15:23:15 TC004_PUT_EmployeeRecord.java INFO  [main] base.TestBase 89 - ResponseTime is: 425
12-22-2022 15:23:15 TC004_PUT_EmployeeRecord.java INFO  [main] base.TestBase 93 - -------------Ended vldResponseTime-------------
]]></system-out>
  </testcase>
  <testcase name="vldServerType" classname="com.qa.API.tests.TC004_PUT_EmployeeRecord" time="0.001">
    <system-out><![CDATA[12-22-2022 15:23:15 TC004_PUT_EmployeeRecord.java INFO  [main] base.TestBase 112 - -------------Started vldServerType-------------
12-22-2022 15:23:15 TC004_PUT_EmployeeRecord.java INFO  [main] base.TestBase 115 - ServerType is: Apache
12-22-2022 15:23:15 TC004_PUT_EmployeeRecord.java INFO  [main] base.TestBase 117 - -------------Ended vldServerType-------------
]]></system-out>
  </testcase>
  <testcase name="vldStatusCode" classname="com.qa.API.tests.TC004_PUT_EmployeeRecord" time="0.001">
    <system-out><![CDATA[12-22-2022 15:23:15 TC004_PUT_EmployeeRecord.java INFO  [main] base.TestBase 59 - -------------Started vldStatusCode-------------
12-22-2022 15:23:15 TC004_PUT_EmployeeRecord.java INFO  [main] base.TestBase 62 - StatusCode is: 200
12-22-2022 15:23:15 TC004_PUT_EmployeeRecord.java INFO  [main] base.TestBase 65 - -------------Ended vldStatusCode-------------
]]></system-out>
  </testcase>
  <testcase name="vldStatusLine" classname="com.qa.API.tests.TC004_PUT_EmployeeRecord" time="0">
    <system-out><![CDATA[12-22-2022 15:23:15 TC004_PUT_EmployeeRecord.java INFO  [main] base.TestBase 72 - -------------Started vldStatusLine-------------
12-22-2022 15:23:15 TC004_PUT_EmployeeRecord.java INFO  [main] base.TestBase 75 - statusLine is: HTTP/1.1 200 OK
12-22-2022 15:23:15 TC004_PUT_EmployeeRecord.java INFO  [main] base.TestBase 77 - -------------Ended vldStatusLine-------------
]]></system-out>
  </testcase>
  <testcase name="vldContentType" classname="com.qa.API.tests.TC005_DELETE_Employee" time="0.001">
    <system-out><![CDATA[12-22-2022 15:23:15 TC004_PUT_EmployeeRecord.java INFO  [main] base.TestBase 130 - -------------Ended TC004_PUT_EmployeeRecord-------------
12-22-2022 15:23:15 TC005_DELETE_Employee.java INFO  [main] base.TestBase 24 - -------------Started TC005_DELETE_Employee-------------
12-22-2022 15:23:15 BasicClientConnectionManager.java DEBUG [main] conn.BasicClientConnectionManager 161 - Get connection for route {s}->https://dummy.restapiexample.com:443
12-22-2022 15:23:15 DefaultClientConnectionOperator.java DEBUG [main] conn.DefaultClientConnectionOperator 177 - Connecting to dummy.restapiexample.com:443
12-22-2022 15:23:15 RequestAddCookies.java DEBUG [main] protocol.RequestAddCookies 123 - CookieSpec selected: ignoreCookies
12-22-2022 15:23:15 RequestAuthCache.java DEBUG [main] protocol.RequestAuthCache 77 - Auth cache not set in the context
12-22-2022 15:23:15 RequestTargetAuthentication.java DEBUG [main] protocol.RequestTargetAuthentication 80 - Target auth state: UNCHALLENGED
12-22-2022 15:23:15 RequestProxyAuthentication.java DEBUG [main] protocol.RequestProxyAuthentication 89 - Proxy auth state: UNCHALLENGED
12-22-2022 15:23:15 DefaultRequestDirector.java DEBUG [main] client.DefaultHttpClient 677 - Attempt 1 to execute request
12-22-2022 15:23:15 DefaultClientConnection.java DEBUG [main] conn.DefaultClientConnection 274 - Sending request: GET /api/v1/employees HTTP/1.1
12-22-2022 15:23:15 Wire.java DEBUG [main] http.wire 73 -  >> "GET /api/v1/employees HTTP/1.1[\r][\n]"
12-22-2022 15:23:15 Wire.java DEBUG [main] http.wire 73 -  >> "Accept: */*[\r][\n]"
12-22-2022 15:23:15 Wire.java DEBUG [main] http.wire 73 -  >> "Host: dummy.restapiexample.com[\r][\n]"
12-22-2022 15:23:15 Wire.java DEBUG [main] http.wire 73 -  >> "Connection: Keep-Alive[\r][\n]"
12-22-2022 15:23:15 Wire.java DEBUG [main] http.wire 73 -  >> "User-Agent: Apache-HttpClient/4.5.13 (Java/17.0.5)[\r][\n]"
12-22-2022 15:23:15 Wire.java DEBUG [main] http.wire 73 -  >> "Accept-Encoding: gzip,deflate[\r][\n]"
12-22-2022 15:23:15 Wire.java DEBUG [main] http.wire 73 -  >> "[\r][\n]"
12-22-2022 15:23:15 DefaultClientConnection.java DEBUG [main] http.headers 278 - >> GET /api/v1/employees HTTP/1.1
12-22-2022 15:23:15 DefaultClientConnection.java DEBUG [main] http.headers 281 - >> Accept: */*
12-22-2022 15:23:15 DefaultClientConnection.java DEBUG [main] http.headers 281 - >> Host: dummy.restapiexample.com
12-22-2022 15:23:15 DefaultClientConnection.java DEBUG [main] http.headers 281 - >> Connection: Keep-Alive
12-22-2022 15:23:15 DefaultClientConnection.java DEBUG [main] http.headers 281 - >> User-Agent: Apache-HttpClient/4.5.13 (Java/17.0.5)
12-22-2022 15:23:15 DefaultClientConnection.java DEBUG [main] http.headers 281 - >> Accept-Encoding: gzip,deflate
12-22-2022 15:23:15 Wire.java DEBUG [main] http.wire 73 -  << "HTTP/1.1 200 OK[\r][\n]"
12-22-2022 15:23:15 Wire.java DEBUG [main] http.wire 73 -  << "Cache-Control: public, max-age=2592000[\r][\n]"
12-22-2022 15:23:15 Wire.java DEBUG [main] http.wire 73 -  << "Content-Encoding: gzip[\r][\n]"
12-22-2022 15:23:15 Wire.java DEBUG [main] http.wire 73 -  << "Content-Type: application/json[\r][\n]"
12-22-2022 15:23:15 Wire.java DEBUG [main] http.wire 73 -  << "Date: Thu, 22 Dec 2022 20:23:16 UTC[\r][\n]"
12-22-2022 15:23:15 Wire.java DEBUG [main] http.wire 73 -  << "Display: staticcontent_sol, orig_site_sol[\r][\n]"
12-22-2022 15:23:15 Wire.java DEBUG [main] http.wire 73 -  << "Host-Header: c2hhcmVkLmJsdWVob3N0LmNvbQ==[\r][\n]"
12-22-2022 15:23:15 Wire.java DEBUG [main] http.wire 73 -  << "Response: 200[\r][\n]"
12-22-2022 15:23:15 Wire.java DEBUG [main] http.wire 73 -  << "Server: nginx/1.21.6[\r][\n]"
12-22-2022 15:23:15 Wire.java DEBUG [main] http.wire 73 -  << "Vary: Accept-Encoding,User-Agent,Origin[\r][\n]"
12-22-2022 15:23:15 Wire.java DEBUG [main] http.wire 73 -  << "X-Endurance-Cache-Level: 2[\r][\n]"
12-22-2022 15:23:15 Wire.java DEBUG [main] http.wire 73 -  << "X-Ezoic-Cdn: Hit ds;mm;50851011b4bdbba5d4a9e6d8cab4c54f;2-133674-12;e95582ef-5b56-46a1-66b6-1d9544d557c5[\r][\n]"
12-22-2022 15:23:15 Wire.java DEBUG [main] http.wire 73 -  << "X-Middleton-Display: staticcontent_sol, orig_site_sol[\r][\n]"
12-22-2022 15:23:15 Wire.java DEBUG [main] http.wire 73 -  << "X-Middleton-Response: 200[\r][\n]"
12-22-2022 15:23:15 Wire.java DEBUG [main] http.wire 73 -  << "X-Nginx-Cache: WordPress[\r][\n]"
12-22-2022 15:23:15 Wire.java DEBUG [main] http.wire 73 -  << "X-Origin-Cache-Control: no-cache, private[\r][\n]"
12-22-2022 15:23:15 Wire.java DEBUG [main] http.wire 73 -  << "X-Ratelimit-Limit: 60[\r][\n]"
12-22-2022 15:23:15 Wire.java DEBUG [main] http.wire 73 -  << "X-Ratelimit-Remaining: 58[\r][\n]"
12-22-2022 15:23:15 Wire.java DEBUG [main] http.wire 73 -  << "X-Server-Cache: false[\r][\n]"
12-22-2022 15:23:15 Wire.java DEBUG [main] http.wire 73 -  << "X-Sol: orig[\r][\n]"
12-22-2022 15:23:15 Wire.java DEBUG [main] http.wire 73 -  << "Transfer-Encoding: chunked[\r][\n]"
12-22-2022 15:23:15 Wire.java DEBUG [main] http.wire 73 -  << "[\r][\n]"
12-22-2022 15:23:15 DefaultClientConnection.java DEBUG [main] conn.DefaultClientConnection 259 - Receiving response: HTTP/1.1 200 OK
12-22-2022 15:23:15 DefaultClientConnection.java DEBUG [main] http.headers 262 - << HTTP/1.1 200 OK
12-22-2022 15:23:15 DefaultClientConnection.java DEBUG [main] http.headers 265 - << Cache-Control: public, max-age=2592000
12-22-2022 15:23:15 DefaultClientConnection.java DEBUG [main] http.headers 265 - << Content-Encoding: gzip
12-22-2022 15:23:15 DefaultClientConnection.java DEBUG [main] http.headers 265 - << Content-Type: application/json
12-22-2022 15:23:15 DefaultClientConnection.java DEBUG [main] http.headers 265 - << Date: Thu, 22 Dec 2022 20:23:16 UTC
12-22-2022 15:23:15 DefaultClientConnection.java DEBUG [main] http.headers 265 - << Display: staticcontent_sol, orig_site_sol
12-22-2022 15:23:15 DefaultClientConnection.java DEBUG [main] http.headers 265 - << Host-Header: c2hhcmVkLmJsdWVob3N0LmNvbQ==
12-22-2022 15:23:15 DefaultClientConnection.java DEBUG [main] http.headers 265 - << Response: 200
12-22-2022 15:23:15 DefaultClientConnection.java DEBUG [main] http.headers 265 - << Server: nginx/1.21.6
12-22-2022 15:23:15 DefaultClientConnection.java DEBUG [main] http.headers 265 - << Vary: Accept-Encoding,User-Agent,Origin
12-22-2022 15:23:15 DefaultClientConnection.java DEBUG [main] http.headers 265 - << X-Endurance-Cache-Level: 2
12-22-2022 15:23:15 DefaultClientConnection.java DEBUG [main] http.headers 265 - << X-Ezoic-Cdn: Hit ds;mm;50851011b4bdbba5d4a9e6d8cab4c54f;2-133674-12;e95582ef-5b56-46a1-66b6-1d9544d557c5
12-22-2022 15:23:15 DefaultClientConnection.java DEBUG [main] http.headers 265 - << X-Middleton-Display: staticcontent_sol, orig_site_sol
12-22-2022 15:23:15 DefaultClientConnection.java DEBUG [main] http.headers 265 - << X-Middleton-Response: 200
12-22-2022 15:23:15 DefaultClientConnection.java DEBUG [main] http.headers 265 - << X-Nginx-Cache: WordPress
12-22-2022 15:23:15 DefaultClientConnection.java DEBUG [main] http.headers 265 - << X-Origin-Cache-Control: no-cache, private
12-22-2022 15:23:15 DefaultClientConnection.java DEBUG [main] http.headers 265 - << X-Ratelimit-Limit: 60
12-22-2022 15:23:15 DefaultClientConnection.java DEBUG [main] http.headers 265 - << X-Ratelimit-Remaining: 58
12-22-2022 15:23:15 DefaultClientConnection.java DEBUG [main] http.headers 265 - << X-Server-Cache: false
12-22-2022 15:23:15 DefaultClientConnection.java DEBUG [main] http.headers 265 - << X-Sol: orig
12-22-2022 15:23:15 DefaultClientConnection.java DEBUG [main] http.headers 265 - << Transfer-Encoding: chunked
12-22-2022 15:23:15 DefaultRequestDirector.java DEBUG [main] client.DefaultHttpClient 504 - Connection can be kept alive indefinitely
12-22-2022 15:23:15 HTTPBuilder.java DEBUG [main] internal.RequestSpecificationImpl$RestAssuredHttpBuilder 545 - Parsing response as: application/json
12-22-2022 15:23:15 Wire.java DEBUG [main] http.wire 73 -  << "26f[\r][\n]"
12-22-2022 15:23:15 Wire.java DEBUG [main] http.wire 73 -  << "[0x1f][0x8b][0x8][0x0][0x0][0x0][0x0][0x0][0x0][0xff][0x94][0x96]OO[0x1b]=[0x10][0xc6][0xbf][0x8a]_[0x9f][0xa3]W[0xbb][0xf6][0xfe]Ir#A[0x4][0x95]R[0xb5][0x4][0x15]UU[0x85][0xa6][0xeb][0x81][0xb5][0xea][0xd8]h[0xec][0xa5]l[0x11][0xdf][0xbd][0xa2]\[0x90]<X[0xed]1[0xf1][0xe1][0xa7][0xc7][0xf3][0xcc][0xcf][0xfb](c[0x82]4E[0xb9][0x96]q[0x1a][0x6][0x8c]Q.[0xa4][0x81][0x4]r[0xfd][0xf5]QZ#[0xd7][0xf5]B[0xe2][0xe1][0xce][0x85][0x19][0xf1][0xda][0xc3][0x1][0xe5]Z^[0xda][$[0xf1][0xc1]>[0x4]/_[0x9d]Fp@[0xb3]\kU-[0xab][0xea][0xd5][0x1][0xdc][0xa2]\w[0xf5]B[0xde]Q[0xb8][0xb1][0xe][0xaf][0xed][0xe1][0xcf]_R>-^ *[0x87][0xec][0x80][0x8]S[0x12]W[0xd6]'[0xa4][0xc8][0x81][0xea][0xbe][0xea][0xdb][0x1c][0xa4][0xb] [0x9d][0x83][0x8e][0xe2][0x98][0x82][0x17][0xdb][0xf0][0xc0]1[0x96]][0xc5]d[0xe9][\n]"
12-22-2022 15:23:15 Wire.java DEBUG [main] http.wire 73 -  << "[0x88]&Gl[0xd1][0x90][0x1d][0xc4][0x19]:7s[0x90]F[0xeb][0xaa][0xcb](J[0x15](-[0x13][0xc4][0x92][0x15]{Hab/[0xab]S}[0x9e]D[0x97].[0xab][0xcb][0x19][0x1b][0xb2][0xe8][0x1c][0x8a]+[0xeb][0x9c][0x85]C|[0xa3][0x1][0xbd][0xe2]n[0xad][0xd4][0x80]>g[0x9d]"Q0b;[0x82]7[0xe][0x89][\r][0xa5][0xfb]6[0x7][0xb5][0xab][0x2]h[0x99][0x83].[0xc6][0xe0]A[0x1c][0xc3][0xbd]5o[0x5]R[0xfd][0x8a][0xe1][0xb4][0x5][0xce][0x8a][0xa9]Ap[0xe][0xd1][0x8b][0xd3][0x89]b[0xe2]0[0xaa]j[0x99]8[0xba][0x14][0xa7][0xae]r[0xce]>[0xf8][0x19][0xc4][0x9][0x5][0x9e]RW[0xba][0xcb])[0xaa][0xd4][0x84][0x9a][0xb1][0xc0];[0xf4] v`=[0xb2][0xcb][0xb9][0xaa][0xda][0xbc][0xd2][0xba]*A[0x18][0xb]|[0x9a][0xac][0xf7][0xe2][0xc4][0xcd][0x9e][0x9f]K[0xc3][0x15][0xad][0xb8]85[0xa3][0x80][0xed][0x8]dP[0x9c][0x3][0xc5][0x11][0x9c]cW[0xb4][0xaf][0x98]K[0xd3]%[0x11][0xd4][0x8c][0x9]N[0xc1][0xe1],[0xce][0xd0]{4[0xac][\n]"
12-22-2022 15:23:15 Wire.java DEBUG [main] http.wire 73 -  << "t[0xad][0x99][\n]"
12-22-2022 15:23:15 Wire.java DEBUG [main] http.wire 87 -  << "4[0xc5][0xe1]0.[0xb8][0x84]4[0x83][0x7]qb[0xd3][0xaf];Hd[0x87][0x1f],m[0xd9]2[0x6][0xad][0x8b][0x85]c[0xac]pn[0x87][0x11][0xd0][0x89][0xbd]u[0xf7][0xc0]Vn[0xb5]dR[0x15]5Z3F[0xf8][0x8][0x93][0x13][0x9b][0x99][0xc][0xc7][0xe8]U[0xcb]I[0xa7])1[0x18][0x19][0xec]\ "
12-22-2022 15:23:15 Wire.java DEBUG [main] http.wire 87 -  << "[0xb][0xe2][0xbd]M[0xc9]![0xbb][0xa4][0xff][0xee][0x9c][0x9a][0x91][0xc1][0x86][0xc0]<waG[0xf8][0x96][0xdb][0xb8]n7[0xc5]g[0x94][0x91][0xc1]1Xqa[0x3][0xbb][0xa3][0xaa][0xe6][0xa2][0xe8][0x92][0xd6][0x14]o[0x2]L[0x9][0xc5][0x16][0x9c][0xf9][0x89][0xfc][0xfe][0xe8][0x86][0x9b]N[0xd1][0x7][0x8a][0xf1][0xc1][0x97][0x89][0xac][0xd8] [0x11][0xbb]<][0xcf]A[0x9a]"[0x84][0xd3][0x1]`[0x4][0x12][0x9f][0xc1][0xf]l[0x3][0xea][0xaa]k[0xf2][0xad]Q[0xc5][0xc9]0.8[0xe]d[0xe3][0xf3]Kj[0xf8][0x2],[0xdb][0xbf][0xd6][0xf4][0xb7][0x85]<`[0x8c]/?[0xf7]/[0x1f]r7[0x93]s[0xf3][0xe2][0xc8]9A8[0x4]2Q[0x8c][0x10][0xc5][0xf7][0xe7][0x17][0xe8][0x6][0xd3]0[0xa2][0xf9]_>[0xfd][0x6][0x0][0x0][0xff][0xff]"
12-22-2022 15:23:15 Wire.java DEBUG [main] http.wire 73 -  << "[\r][\n]"
12-22-2022 15:23:15 Wire.java DEBUG [main] http.wire 73 -  << "d[\r][\n]"
12-22-2022 15:23:15 Wire.java DEBUG [main] http.wire 73 -  << "[0x1][0x0][0x0][0xff][0xff]d[0x10]Q[0xa9][0x1][\n]"
12-22-2022 15:23:15 Wire.java DEBUG [main] http.wire 87 -  << "[0x0][0x0]"
12-22-2022 15:23:15 Wire.java DEBUG [main] http.wire 73 -  << "[\r][\n]"
12-22-2022 15:23:15 Wire.java DEBUG [main] http.wire 73 -  << "0[\r][\n]"
12-22-2022 15:23:15 Wire.java DEBUG [main] http.wire 73 -  << "[\r][\n]"
12-22-2022 15:23:15 HTTPBuilder.java DEBUG [main] internal.RequestSpecificationImpl$RestAssuredHttpBuilder 548 - Parsed data to instance of: class org.apache.http.conn.EofSensorInputStream
12-22-2022 15:23:15 BasicClientConnectionManager.java DEBUG [main] conn.BasicClientConnectionManager 200 - Releasing connection org.apache.http.impl.conn.ManagedClientConnectionImpl@26586b74
12-22-2022 15:23:15 BasicClientConnectionManager.java DEBUG [main] conn.BasicClientConnectionManager 225 - Connection can be kept alive indefinitely
12-22-2022 15:23:16 BasicClientConnectionManager.java DEBUG [main] conn.BasicClientConnectionManager 161 - Get connection for route {s}->https://dummy.restapiexample.com:443
12-22-2022 15:23:16 DefaultClientConnectionOperator.java DEBUG [main] conn.DefaultClientConnectionOperator 177 - Connecting to dummy.restapiexample.com:443
12-22-2022 15:23:16 RequestAddCookies.java DEBUG [main] protocol.RequestAddCookies 123 - CookieSpec selected: ignoreCookies
12-22-2022 15:23:16 RequestAuthCache.java DEBUG [main] protocol.RequestAuthCache 77 - Auth cache not set in the context
12-22-2022 15:23:16 RequestTargetAuthentication.java DEBUG [main] protocol.RequestTargetAuthentication 80 - Target auth state: UNCHALLENGED
12-22-2022 15:23:16 RequestProxyAuthentication.java DEBUG [main] protocol.RequestProxyAuthentication 89 - Proxy auth state: UNCHALLENGED
12-22-2022 15:23:16 DefaultRequestDirector.java DEBUG [main] client.DefaultHttpClient 677 - Attempt 1 to execute request
12-22-2022 15:23:16 DefaultClientConnection.java DEBUG [main] conn.DefaultClientConnection 274 - Sending request: DELETE /api/v1/delete/null HTTP/1.1
12-22-2022 15:23:16 Wire.java DEBUG [main] http.wire 73 -  >> "DELETE /api/v1/delete/null HTTP/1.1[\r][\n]"
12-22-2022 15:23:16 Wire.java DEBUG [main] http.wire 73 -  >> "Accept: */*[\r][\n]"
12-22-2022 15:23:16 Wire.java DEBUG [main] http.wire 73 -  >> "Host: dummy.restapiexample.com[\r][\n]"
12-22-2022 15:23:16 Wire.java DEBUG [main] http.wire 73 -  >> "Connection: Keep-Alive[\r][\n]"
12-22-2022 15:23:16 Wire.java DEBUG [main] http.wire 73 -  >> "User-Agent: Apache-HttpClient/4.5.13 (Java/17.0.5)[\r][\n]"
12-22-2022 15:23:16 Wire.java DEBUG [main] http.wire 73 -  >> "Accept-Encoding: gzip,deflate[\r][\n]"
12-22-2022 15:23:16 Wire.java DEBUG [main] http.wire 73 -  >> "[\r][\n]"
12-22-2022 15:23:16 DefaultClientConnection.java DEBUG [main] http.headers 278 - >> DELETE /api/v1/delete/null HTTP/1.1
12-22-2022 15:23:16 DefaultClientConnection.java DEBUG [main] http.headers 281 - >> Accept: */*
12-22-2022 15:23:16 DefaultClientConnection.java DEBUG [main] http.headers 281 - >> Host: dummy.restapiexample.com
12-22-2022 15:23:16 DefaultClientConnection.java DEBUG [main] http.headers 281 - >> Connection: Keep-Alive
12-22-2022 15:23:16 DefaultClientConnection.java DEBUG [main] http.headers 281 - >> User-Agent: Apache-HttpClient/4.5.13 (Java/17.0.5)
12-22-2022 15:23:16 DefaultClientConnection.java DEBUG [main] http.headers 281 - >> Accept-Encoding: gzip,deflate
12-22-2022 15:23:16 Wire.java DEBUG [main] http.wire 73 -  << "HTTP/1.1 429 Too Many Requests[\r][\n]"
12-22-2022 15:23:16 Wire.java DEBUG [main] http.wire 73 -  << "Cache-Control: private, max-age=0, must-revalidate, no-cache, no-store[\r][\n]"
12-22-2022 15:23:16 Wire.java DEBUG [main] http.wire 73 -  << "Content-Encoding: gzip[\r][\n]"
12-22-2022 15:23:16 Wire.java DEBUG [main] http.wire 73 -  << "Content-Type: text/html; charset=UTF-8[\r][\n]"
12-22-2022 15:23:16 Wire.java DEBUG [main] http.wire 73 -  << "Date: Thu, 22 Dec 2022 20:23:17 GMT[\r][\n]"
12-22-2022 15:23:16 Wire.java DEBUG [main] http.wire 73 -  << "Display: staticcontent_sol, orig_site_sol[\r][\n]"
12-22-2022 15:23:16 Wire.java DEBUG [main] http.wire 73 -  << "Expires: Wed, 21 Dec 2022 20:23:17 GMT[\r][\n]"
12-22-2022 15:23:16 Wire.java DEBUG [main] http.wire 73 -  << "Host-Header: c2hhcmVkLmJsdWVob3N0LmNvbQ==[\r][\n]"
12-22-2022 15:23:16 Wire.java DEBUG [main] http.wire 73 -  << "Pagespeed: off[\r][\n]"
12-22-2022 15:23:16 Wire.java DEBUG [main] http.wire 73 -  << "Response: 429[\r][\n]"
12-22-2022 15:23:16 Wire.java DEBUG [main] http.wire 73 -  << "Retry-After: 57[\r][\n]"
12-22-2022 15:23:16 Wire.java DEBUG [main] http.wire 73 -  << "Server: Apache[\r][\n]"
12-22-2022 15:23:16 Wire.java DEBUG [main] http.wire 73 -  << "Vary: Accept-Encoding,Origin[\r][\n]"
12-22-2022 15:23:16 Wire.java DEBUG [main] http.wire 73 -  << "X-Endurance-Cache-Level: 2[\r][\n]"
12-22-2022 15:23:16 Wire.java DEBUG [main] http.wire 73 -  << "X-Ezoic-Cdn: Miss[\r][\n]"
12-22-2022 15:23:16 Wire.java DEBUG [main] http.wire 73 -  << "X-Middleton-Display: staticcontent_sol, orig_site_sol[\r][\n]"
12-22-2022 15:23:16 Wire.java DEBUG [main] http.wire 73 -  << "X-Middleton-Response: 429[\r][\n]"
12-22-2022 15:23:16 Wire.java DEBUG [main] http.wire 73 -  << "X-Nginx-Cache: WordPress[\r][\n]"
12-22-2022 15:23:16 Wire.java DEBUG [main] http.wire 73 -  << "X-Origin-Cache-Control: no-cache, private[\r][\n]"
12-22-2022 15:23:16 Wire.java DEBUG [main] http.wire 73 -  << "X-Ratelimit-Limit: 60[\r][\n]"
12-22-2022 15:23:16 Wire.java DEBUG [main] http.wire 73 -  << "X-Ratelimit-Remaining: 57[\r][\n]"
12-22-2022 15:23:16 Wire.java DEBUG [main] http.wire 73 -  << "X-Ratelimit-Reset: 1671740654[\r][\n]"
12-22-2022 15:23:16 Wire.java DEBUG [main] http.wire 73 -  << "X-Sol: orig[\r][\n]"
12-22-2022 15:23:16 Wire.java DEBUG [main] http.wire 73 -  << "Transfer-Encoding: chunked[\r][\n]"
12-22-2022 15:23:16 Wire.java DEBUG [main] http.wire 73 -  << "[\r][\n]"
12-22-2022 15:23:16 DefaultClientConnection.java DEBUG [main] conn.DefaultClientConnection 259 - Receiving response: HTTP/1.1 429 Too Many Requests
12-22-2022 15:23:16 DefaultClientConnection.java DEBUG [main] http.headers 262 - << HTTP/1.1 429 Too Many Requests
12-22-2022 15:23:16 DefaultClientConnection.java DEBUG [main] http.headers 265 - << Cache-Control: private, max-age=0, must-revalidate, no-cache, no-store
12-22-2022 15:23:16 DefaultClientConnection.java DEBUG [main] http.headers 265 - << Content-Encoding: gzip
12-22-2022 15:23:16 DefaultClientConnection.java DEBUG [main] http.headers 265 - << Content-Type: text/html; charset=UTF-8
12-22-2022 15:23:16 DefaultClientConnection.java DEBUG [main] http.headers 265 - << Date: Thu, 22 Dec 2022 20:23:17 GMT
12-22-2022 15:23:16 DefaultClientConnection.java DEBUG [main] http.headers 265 - << Display: staticcontent_sol, orig_site_sol
12-22-2022 15:23:16 DefaultClientConnection.java DEBUG [main] http.headers 265 - << Expires: Wed, 21 Dec 2022 20:23:17 GMT
12-22-2022 15:23:16 DefaultClientConnection.java DEBUG [main] http.headers 265 - << Host-Header: c2hhcmVkLmJsdWVob3N0LmNvbQ==
12-22-2022 15:23:16 DefaultClientConnection.java DEBUG [main] http.headers 265 - << Pagespeed: off
12-22-2022 15:23:16 DefaultClientConnection.java DEBUG [main] http.headers 265 - << Response: 429
12-22-2022 15:23:16 DefaultClientConnection.java DEBUG [main] http.headers 265 - << Retry-After: 57
12-22-2022 15:23:16 DefaultClientConnection.java DEBUG [main] http.headers 265 - << Server: Apache
12-22-2022 15:23:16 DefaultClientConnection.java DEBUG [main] http.headers 265 - << Vary: Accept-Encoding,Origin
12-22-2022 15:23:16 DefaultClientConnection.java DEBUG [main] http.headers 265 - << X-Endurance-Cache-Level: 2
12-22-2022 15:23:16 DefaultClientConnection.java DEBUG [main] http.headers 265 - << X-Ezoic-Cdn: Miss
12-22-2022 15:23:16 DefaultClientConnection.java DEBUG [main] http.headers 265 - << X-Middleton-Display: staticcontent_sol, orig_site_sol
12-22-2022 15:23:16 DefaultClientConnection.java DEBUG [main] http.headers 265 - << X-Middleton-Response: 429
12-22-2022 15:23:16 DefaultClientConnection.java DEBUG [main] http.headers 265 - << X-Nginx-Cache: WordPress
12-22-2022 15:23:16 DefaultClientConnection.java DEBUG [main] http.headers 265 - << X-Origin-Cache-Control: no-cache, private
12-22-2022 15:23:16 DefaultClientConnection.java DEBUG [main] http.headers 265 - << X-Ratelimit-Limit: 60
12-22-2022 15:23:16 DefaultClientConnection.java DEBUG [main] http.headers 265 - << X-Ratelimit-Remaining: 57
12-22-2022 15:23:16 DefaultClientConnection.java DEBUG [main] http.headers 265 - << X-Ratelimit-Reset: 1671740654
12-22-2022 15:23:16 DefaultClientConnection.java DEBUG [main] http.headers 265 - << X-Sol: orig
12-22-2022 15:23:16 DefaultClientConnection.java DEBUG [main] http.headers 265 - << Transfer-Encoding: chunked
12-22-2022 15:23:16 DefaultRequestDirector.java DEBUG [main] client.DefaultHttpClient 504 - Connection can be kept alive indefinitely
12-22-2022 15:23:16 HTTPBuilder.java DEBUG [main] internal.RequestSpecificationImpl$RestAssuredHttpBuilder 545 - Parsing response as: text/html; charset=UTF-8
12-22-2022 15:23:16 Wire.java DEBUG [main] http.wire 73 -  << "295[\r][\n]"
12-22-2022 15:23:16 Wire.java DEBUG [main] http.wire 73 -  << "[0x1f][0x8b][0x8][0x0][0x0][0x0][0x0][0x0][0x0][0xff][0x9c]UMo[0xe3]6[0x10][0xbd][0xfb]WL[0xd8]CZ [0xb4][0xec]45RER[0xe][0xfd][0xb8][0xf5][0x3]m.=[0x5]49[0x92][0x98]P[0xa4]J[0x8e]d+[0x8b][0xfd][0xef][0xb]YN[0xfc]!%X,/"[0xfd][0xde]<>[0xce][0xc][0xe9][0xe4][0xe2][0xd7][0xbf]~y[0xf8][0xef][0xef][0xdf][0xa0][0xa4][0xca]d[0xb3][0xa4][0xff][0x80][0x11][0xb6]H[0x19]Z[0x96][0xcd][0x0][0x0][0x92][0x12][0x85][0xca][0x92][\n]"
12-22-2022 15:23:16 Wire.java DEBUG [main] http.wire 73 -  << "I[0x80],[0x85][0xf]H)k([0xe7][0xb7]{B?[0xde]&[0x3][0xcf][0x8a][\n]"
12-22-2022 15:23:16 Wire.java DEBUG [main] http.wire 73 -  << "S[0xd6]j[0xdc][0xd4][0xce][0x13][0x3][0xe9],[0xa1][0xa5][0x94]m[0xb4][0xa2]2U[0xd8]j[0x89]|[0xb7][0xb8][0x2]m5iax[0x90][0xc2]`[0xba]d[0xd9][0xec][0xa0]F[0x9a][0xc]f[0xf][0xce][0xc1][0x1f][0xc2]v[0xf0][0xf][0xfe][0xdf]`[0xa0][0x90]D[0x3]p[0xc4][0xbc][0xe0][0x1c]~w[0x96][0x2]p~[0xf0][0x95][0x18]m[0x9f][0xc1][0xa3]I[0x99][0xb2][0x81][0xd7][0x1e]s$Y2(=[0xe6])[0x8b][0xa2][0xbc][0xf][0x99][0x17][0x81][0x4]i9[0x97][0xae]b[0xe7][0xc1][0x3][0xb3]$[0xaa]C[0xfc][0xc6]w[0xae]0(j[0x1d][0xfa][0x90]H[0x86]p[0x9f][0x8b]J[0x9b].[0xfd][0xb3][0xb1][0x9a][0x1c][0x1b][0xb6][0xc][0xd4][0x19][0xc]%"[0xb1]s[0xab][0xff][0xee][0xa0]S[0xaf];[0xfa]a[0xdd][0x8f][0xbe] W[0xb0]v[0xaa][0x83]O'@?[0xd6]B>[0x17][0xde]5Vq[0xe9][0x8c][0xf3]1|[0x97][0xe7][0xf9][0xdd][0x88][0xf7][\n]"
12-22-2022 15:23:16 Wire.java DEBUG [main] http.wire 87 -  << "[0xae]~\[0xad]W[0x13]x&>[0xf8][0x8f][0xe1]r8[0xc1][0xe5][0x15][0x4]a[0x3][0xf][0xe8][0xf5]{![0x1b][0xd4]EI1,[0x17][0x8b]1[0xa3]<[0x80]m9[0x86]+[0xe1][0xb]mc8[0x8b][0xfc]<;Y[0xce][0xf3][0xc6][0x18]>HM$[0xe0][0x83]=FB[0x6][0xb7]\[0xa2]%[0xf4][0x13]B[0xc2][0xe8][0xc2]rMX[0x85][0x18][0x6][0xd6][0xd8][0xb2][0xd2][0xa1]6[0xa2][0x8b][0xa1][0xd7][0x1a][0xc3]OM [0x9d]w|[0xdf][0xeb][0xd3]:[0xe7][0xb6]j[0x17]4ig[0xb9][0xc7]|[0xc2][0xd7]+[0x1c][0xf7][0xfd]$H[0xb7][0xf8][0xb1][0x9c]"
12-22-2022 15:23:16 Wire.java DEBUG [main] http.wire 73 -  << "t[\n]"
12-22-2022 15:23:16 Wire.java DEBUG [main] http.wire 87 -  << "[0xa7][0x1a][0xc5]y[0x85][0x9e][0xfb]![[0xd7][0xf5][0x16][0x82]3Z[0xbd]S[0xd6][0xa0]_0[0x86][0xeb]U=q[0xc8]Z([0xa5]m[0x11][0xc3][0x2][0x96]?[0xd5][0xdb][0xfd]g[0xcc]#[0xdc][0x12][0xdf]e[0xf5][0xeb][0xf2]Pa[0x8][0xa2][0x98][0xf2]~diy[0xfb]m[[0xbd][0xce][0x92][0xe8][0xe8][0x86]%[0xd1][0xee]][0x1b][0xe6][0xfd][0x5];[0xba][0x88]J[0xb7] [0x8d][0x8]!e[0xc7]}sR[0xac][0xa3][0xce]d[0xa7]w[0xf6]8[0xbc]/[0xc8][0x19][0xdc][0x8f][0x9b][0xeb][0x9f]O""[0xa5][0xdb]l[0xf6][0xae][0xca]>;[0xc]v[0xfe]S[0xf6]V[0x85][0xe5][0xa2][0xde][0xde]M[0xe8][0x8f][0x1e][0xcc][0x89][0xdd]&[0x96]I[0x90]^[0xd7][0x4][0xd4][0xd5][0x98][0xb2]>[0xb1][0xd1][0x93]h[0xc5][0xf0]+[0x3]g[0x8d][0x13]*e[0x8f][0x8f][0xf8]"[0xcd][0xbc][0x14]V[0x19][0xfc][0x9e]|[0x83]?[0xdc]1[0x10][0xa1][0xb3][0x12][0x82][0x97])[0x8b][0x1a][0xd2]F[0x8a][0x16][0x1f][0xfb][0xd7]Q[[0x19][0xed][0x2]6[0xb8][0xae][0xef][0xe5]:[0xbd]aY[0x12][\r][0xa2]Y[0x12][\r][0xb9]O[0xa2][0xe1]/[0xe8][0xb][0x0][0x0][0x0][0xff][0xff]"
12-22-2022 15:23:16 Wire.java DEBUG [main] http.wire 73 -  << "[\r][\n]"
12-22-2022 15:23:16 Wire.java DEBUG [main] http.wire 73 -  << "d[\r][\n]"
12-22-2022 15:23:16 Wire.java DEBUG [main] http.wire 87 -  << "[0x1][0x0][0x0][0xff][0xff]QU4[0xb5][0x93][0x6][0x0][0x0]"
12-22-2022 15:23:16 Wire.java DEBUG [main] http.wire 73 -  << "[\r][\n]"
12-22-2022 15:23:16 Wire.java DEBUG [main] http.wire 73 -  << "0[\r][\n]"
12-22-2022 15:23:16 Wire.java DEBUG [main] http.wire 73 -  << "[\r][\n]"
12-22-2022 15:23:16 HTTPBuilder.java DEBUG [main] internal.RequestSpecificationImpl$RestAssuredHttpBuilder 548 - Parsed data to instance of: class org.apache.http.conn.EofSensorInputStream
12-22-2022 15:23:18 TC005_DELETE_Employee.java INFO  [main] base.TestBase 96 - -------------Started vldContentType-------------
12-22-2022 15:23:18 TC005_DELETE_Employee.java INFO  [main] base.TestBase 99 - ContentType is: text/html; charset=UTF-8
12-22-2022 15:23:18 TC005_DELETE_Employee.java INFO  [main] base.TestBase 101 - -------------Ended vldContentType-------------
]]></system-out>
  </testcase>
  <testcase name="vldCookies" classname="com.qa.API.tests.TC005_DELETE_Employee" time="0.001">
    <system-out><![CDATA[12-22-2022 15:23:18 TC005_DELETE_Employee.java INFO  [main] base.TestBase 119 - -------------Started vldCookies-------------
]]></system-out>
  </testcase>
  <testcase name="vldResponseBody" classname="com.qa.API.tests.TC005_DELETE_Employee" time="0.004">
    <failure message="expected [true] but found [false]" type="java.lang.AssertionError"><![CDATA[java.lang.AssertionError: expected [true] but found [false]
	at org.testng.Assert.fail(Assert.java:96)
	at org.testng.Assert.failNotEquals(Assert.java:776)
	at org.testng.Assert.assertEqualsImpl(Assert.java:137)
	at org.testng.Assert.assertEquals(Assert.java:118)
	at org.testng.Assert.assertEquals(Assert.java:568)
	at org.testng.Assert.assertEquals(Assert.java:578)
	at com.qa.API.tests.TC005_DELETE_Employee.vldResponseBody(TC005_DELETE_Employee.java:46)
	at java.base/jdk.internal.reflect.NativeMethodAccessorImpl.invoke0(Native Method)
	at java.base/jdk.internal.reflect.NativeMethodAccessorImpl.invoke(NativeMethodAccessorImpl.java:77)
	at java.base/jdk.internal.reflect.DelegatingMethodAccessorImpl.invoke(DelegatingMethodAccessorImpl.java:43)
	at java.base/java.lang.reflect.Method.invoke(Method.java:568)
	at org.testng.internal.MethodInvocationHelper.invokeMethod(MethodInvocationHelper.java:124)
	at org.testng.internal.Invoker.invokeMethod(Invoker.java:583)
	at org.testng.internal.Invoker.invokeTestMethod(Invoker.java:719)
	at org.testng.internal.Invoker.invokeTestMethods(Invoker.java:989)
	at org.testng.internal.TestMethodWorker.invokeTestMethods(TestMethodWorker.java:125)
	at org.testng.internal.TestMethodWorker.run(TestMethodWorker.java:109)
	at org.testng.TestRunner.privateRun(TestRunner.java:648)
	at org.testng.TestRunner.run(TestRunner.java:505)
	at org.testng.SuiteRunner.runTest(SuiteRunner.java:455)
	at org.testng.SuiteRunner.runSequentially(SuiteRunner.java:450)
	at org.testng.SuiteRunner.privateRun(SuiteRunner.java:415)
	at org.testng.SuiteRunner.run(SuiteRunner.java:364)
	at org.testng.SuiteRunnerWorker.runSuite(SuiteRunnerWorker.java:52)
	at org.testng.SuiteRunnerWorker.run(SuiteRunnerWorker.java:84)
	at org.testng.TestNG.runSuitesSequentially(TestNG.java:1208)
	at org.testng.TestNG.runSuitesLocally(TestNG.java:1137)
	at org.testng.TestNG.runSuites(TestNG.java:1049)
	at org.testng.TestNG.run(TestNG.java:1017)
	at org.apache.maven.surefire.testng.TestNGExecutor.run(TestNGExecutor.java:324)
	at org.apache.maven.surefire.testng.TestNGXmlTestSuite.execute(TestNGXmlTestSuite.java:74)
	at org.apache.maven.surefire.testng.TestNGProvider.invoke(TestNGProvider.java:123)
	at org.apache.maven.surefire.booter.ForkedBooter.runSuitesInProcess(ForkedBooter.java:456)
	at org.apache.maven.surefire.booter.ForkedBooter.execute(ForkedBooter.java:169)
	at org.apache.maven.surefire.booter.ForkedBooter.run(ForkedBooter.java:595)
	at org.apache.maven.surefire.booter.ForkedBooter.main(ForkedBooter.java:581)
]]></failure>
    <system-out><![CDATA[12-22-2022 15:23:18 TC005_DELETE_Employee.java INFO  [main] base.TestBase 42 - -------------Started vldResponseBody-------------
12-22-2022 15:23:18 BasicClientConnectionManager.java DEBUG [main] conn.BasicClientConnectionManager 200 - Releasing connection org.apache.http.impl.conn.ManagedClientConnectionImpl@1ff15a50
12-22-2022 15:23:18 BasicClientConnectionManager.java DEBUG [main] conn.BasicClientConnectionManager 225 - Connection can be kept alive indefinitely
12-22-2022 15:23:18 TC005_DELETE_Employee.java INFO  [main] base.TestBase 45 - ResponseBody is: <!DOCTYPE html>
<html lang="en">
    <head><meta charset="utf-8">
        
        <meta name="viewport" content="width=device-width, initial-scale=1">

        <title>Too Many Requests</title>

        <!-- Fonts -->
        <link rel="dns-prefetch" href="//fonts.gstatic.com">
        <link href="https://fonts.googleapis.com/css?family=Nunito" rel="stylesheet">

        <!-- Styles -->
        <style>
            html, body {
                background-color: #fff;
                color: #636b6f;
                font-family: 'Nunito', sans-serif;
                font-weight: 100;
                height: 100vh;
                margin: 0;
            }

            .full-height {
                height: 100vh;
            }

            .flex-center {
                align-items: center;
                display: flex;
                justify-content: center;
            }

            .position-ref {
                position: relative;
            }

            .code {
                border-right: 2px solid;
                font-size: 26px;
                padding: 0 15px 0 15px;
                text-align: center;
            }

            .message {
                font-size: 18px;
                text-align: center;
            }
        </style>
    </head>
    <body>
        <div class="flex-center position-ref full-height">
            <div class="code">
                429            </div>

            <div class="message" style="padding: 10px;">
                Too Many Requests            </div>
        </div>
    <script type="text/javascript" onload="__ezcl.handle(true);" async src="/utilcave_com/inc/ezcl.webp?cb=4"></script></body>
</html>

]]></system-out>
  </testcase>
  <testcase name="vldResponseTime" classname="com.qa.API.tests.TC005_DELETE_Employee" time="0.001">
    <system-out><![CDATA[12-22-2022 15:23:18 TC005_DELETE_Employee.java INFO  [main] base.TestBase 80 - -------------Started vldResponseTime-------------
12-22-2022 15:23:18 TC005_DELETE_Employee.java INFO  [main] base.TestBase 85 - ResponseTime is: 412
12-22-2022 15:23:18 TC005_DELETE_Employee.java INFO  [main] base.TestBase 89 - -------------Ended vldResponseTime-------------
]]></system-out>
  </testcase>
  <testcase name="vldServerType" classname="com.qa.API.tests.TC005_DELETE_Employee" time="0.001">
    <system-out><![CDATA[12-22-2022 15:23:18 TC005_DELETE_Employee.java INFO  [main] base.TestBase 108 - -------------Started vldServerType-------------
12-22-2022 15:23:18 TC005_DELETE_Employee.java INFO  [main] base.TestBase 111 - ServerType is: Apache
12-22-2022 15:23:18 TC005_DELETE_Employee.java INFO  [main] base.TestBase 113 - -------------Ended vldServerType-------------
]]></system-out>
  </testcase>
  <testcase name="vldStatusCode" classname="com.qa.API.tests.TC005_DELETE_Employee" time="0">
    <failure message="expected [200] but found [429]" type="java.lang.AssertionError"><![CDATA[java.lang.AssertionError: expected [200] but found [429]
	at org.testng.Assert.fail(Assert.java:96)
	at org.testng.Assert.failNotEquals(Assert.java:776)
	at org.testng.Assert.assertEqualsImpl(Assert.java:137)
	at org.testng.Assert.assertEquals(Assert.java:118)
	at org.testng.Assert.assertEquals(Assert.java:652)
	at org.testng.Assert.assertEquals(Assert.java:662)
	at com.qa.API.tests.TC005_DELETE_Employee.vldStatusCode(TC005_DELETE_Employee.java:59)
	at java.base/jdk.internal.reflect.NativeMethodAccessorImpl.invoke0(Native Method)
	at java.base/jdk.internal.reflect.NativeMethodAccessorImpl.invoke(NativeMethodAccessorImpl.java:77)
	at java.base/jdk.internal.reflect.DelegatingMethodAccessorImpl.invoke(DelegatingMethodAccessorImpl.java:43)
	at java.base/java.lang.reflect.Method.invoke(Method.java:568)
	at org.testng.internal.MethodInvocationHelper.invokeMethod(MethodInvocationHelper.java:124)
	at org.testng.internal.Invoker.invokeMethod(Invoker.java:583)
	at org.testng.internal.Invoker.invokeTestMethod(Invoker.java:719)
	at org.testng.internal.Invoker.invokeTestMethods(Invoker.java:989)
	at org.testng.internal.TestMethodWorker.invokeTestMethods(TestMethodWorker.java:125)
	at org.testng.internal.TestMethodWorker.run(TestMethodWorker.java:109)
	at org.testng.TestRunner.privateRun(TestRunner.java:648)
	at org.testng.TestRunner.run(TestRunner.java:505)
	at org.testng.SuiteRunner.runTest(SuiteRunner.java:455)
	at org.testng.SuiteRunner.runSequentially(SuiteRunner.java:450)
	at org.testng.SuiteRunner.privateRun(SuiteRunner.java:415)
	at org.testng.SuiteRunner.run(SuiteRunner.java:364)
	at org.testng.SuiteRunnerWorker.runSuite(SuiteRunnerWorker.java:52)
	at org.testng.SuiteRunnerWorker.run(SuiteRunnerWorker.java:84)
	at org.testng.TestNG.runSuitesSequentially(TestNG.java:1208)
	at org.testng.TestNG.runSuitesLocally(TestNG.java:1137)
	at org.testng.TestNG.runSuites(TestNG.java:1049)
	at org.testng.TestNG.run(TestNG.java:1017)
	at org.apache.maven.surefire.testng.TestNGExecutor.run(TestNGExecutor.java:324)
	at org.apache.maven.surefire.testng.TestNGXmlTestSuite.execute(TestNGXmlTestSuite.java:74)
	at org.apache.maven.surefire.testng.TestNGProvider.invoke(TestNGProvider.java:123)
	at org.apache.maven.surefire.booter.ForkedBooter.runSuitesInProcess(ForkedBooter.java:456)
	at org.apache.maven.surefire.booter.ForkedBooter.execute(ForkedBooter.java:169)
	at org.apache.maven.surefire.booter.ForkedBooter.run(ForkedBooter.java:595)
	at org.apache.maven.surefire.booter.ForkedBooter.main(ForkedBooter.java:581)
]]></failure>
    <system-out><![CDATA[12-22-2022 15:23:18 TC005_DELETE_Employee.java INFO  [main] base.TestBase 55 - -------------Started vldStatusCode-------------
12-22-2022 15:23:18 TC005_DELETE_Employee.java INFO  [main] base.TestBase 58 - StatusCode is: 429
]]></system-out>
  </testcase>
  <testcase name="vldStatusLine" classname="com.qa.API.tests.TC005_DELETE_Employee" time="0.001">
    <system-out><![CDATA[12-22-2022 15:23:18 TC005_DELETE_Employee.java INFO  [main] base.TestBase 68 - -------------Started vldStatusLine-------------
12-22-2022 15:23:18 TC005_DELETE_Employee.java INFO  [main] base.TestBase 71 - statusLine is: HTTP/1.1 429 Too Many Requests
12-22-2022 15:23:18 TC005_DELETE_Employee.java INFO  [main] base.TestBase 73 - -------------Ended vldStatusLine-------------
]]></system-out>
  </testcase>
</testsuite>