<?xml version="1.0" encoding="UTF-8"?>
<!-- Generated by org.testng.reporters.JUnitXMLReporter -->
<testsuite ignored="0" hostname="jemsnroy" failures="2" tests="36" name="Test" time="13.144" errors="0" timestamp="22 Dec. 2022 20:23:18 GMT">
  <testcase classname="com.qa.API.tests.TC001_GET_All_Employees" name="vldContentType" time="0.002"/>
  <testcase classname="com.qa.API.tests.TC001_GET_All_Employees" name="vldCookies" time="0.0"/>
  <testcase classname="com.qa.API.tests.TC001_GET_All_Employees" name="vldResponseBody" time="0.012"/>
  <testcase classname="com.qa.API.tests.TC001_GET_All_Employees" name="vldResponseTime" time="0.001"/>
  <testcase classname="com.qa.API.tests.TC001_GET_All_Employees" name="vldServerType" time="0.001"/>
  <testcase classname="com.qa.API.tests.TC001_GET_All_Employees" name="vldStatusCode" time="0.001"/>
  <testcase classname="com.qa.API.tests.TC001_GET_All_Employees" name="vldStatusLine" time="0.0"/>
  <testcase classname="com.qa.API.tests.TC002_GET_Employee" name="vldContentLength" time="0.001"/>
  <testcase classname="com.qa.API.tests.TC002_GET_Employee" name="vldContentType" time="0.0"/>
  <testcase classname="com.qa.API.tests.TC002_GET_Employee" name="vldCookies" time="0.001"/>
  <testcase classname="com.qa.API.tests.TC002_GET_Employee" name="vldResponseBody" time="0.001"/>
  <testcase classname="com.qa.API.tests.TC002_GET_Employee" name="vldResponseTime" time="0.001"/>
  <testcase classname="com.qa.API.tests.TC002_GET_Employee" name="vldServerType" time="0.001"/>
  <testcase classname="com.qa.API.tests.TC002_GET_Employee" name="vldStatusCode" time="0.0"/>
  <testcase classname="com.qa.API.tests.TC002_GET_Employee" name="vldStatusLine" time="0.001"/>
  <testcase classname="com.qa.API.tests.TC003_POST_Employee" name="vldContentType" time="0.0"/>
  <testcase classname="com.qa.API.tests.TC003_POST_Employee" name="vldCookies" time="0.0"/>
  <testcase classname="com.qa.API.tests.TC003_POST_Employee" name="vldResponseBody" time="0.001"/>
  <testcase classname="com.qa.API.tests.TC003_POST_Employee" name="vldResponseTime" time="0.001"/>
  <testcase classname="com.qa.API.tests.TC003_POST_Employee" name="vldServerType" time="0.0"/>
  <testcase classname="com.qa.API.tests.TC003_POST_Employee" name="vldStatusCode" time="0.0"/>
  <testcase classname="com.qa.API.tests.TC003_POST_Employee" name="vldStatusLine" time="0.001"/>
  <testcase classname="com.qa.API.tests.TC004_PUT_EmployeeRecord" name="vldContentType" time="0.0"/>
  <testcase classname="com.qa.API.tests.TC004_PUT_EmployeeRecord" name="vldCookies" time="0.0"/>
  <testcase classname="com.qa.API.tests.TC004_PUT_EmployeeRecord" name="vldResponseBody" time="0.001"/>
  <testcase classname="com.qa.API.tests.TC004_PUT_EmployeeRecord" name="vldResponseTime" time="0.0"/>
  <testcase classname="com.qa.API.tests.TC004_PUT_EmployeeRecord" name="vldServerType" time="0.001"/>
  <testcase classname="com.qa.API.tests.TC004_PUT_EmployeeRecord" name="vldStatusCode" time="0.0"/>
  <testcase classname="com.qa.API.tests.TC004_PUT_EmployeeRecord" name="vldStatusLine" time="0.0"/>
  <testcase classname="com.qa.API.tests.TC005_DELETE_Employee" name="vldContentType" time="0.0"/>
  <testcase classname="com.qa.API.tests.TC005_DELETE_Employee" name="vldCookies" time="0.0"/>
  <testcase classname="com.qa.API.tests.TC005_DELETE_Employee" name="vldResponseBody" time="0.002">
    <failure type="java.lang.AssertionError" message="expected [true] but found [false]">
      <![CDATA[java.lang.AssertionError: expected [true] but found [false]
at com.qa.API.tests.TC005_DELETE_Employee.vldResponseBody(TC005_DELETE_Employee.java:46)
... Removed 35 stack frames]]>
    </failure>
  </testcase> <!-- vldResponseBody -->
  <testcase classname="com.qa.API.tests.TC005_DELETE_Employee" name="vldResponseTime" time="0.0"/>
  <testcase classname="com.qa.API.tests.TC005_DELETE_Employee" name="vldServerType" time="0.0"/>
  <testcase classname="com.qa.API.tests.TC005_DELETE_Employee" name="vldStatusCode" time="0.0">
    <failure type="java.lang.AssertionError" message="expected [200] but found [429]">
      <![CDATA[java.lang.AssertionError: expected [200] but found [429]
at com.qa.API.tests.TC005_DELETE_Employee.vldStatusCode(TC005_DELETE_Employee.java:59)
... Removed 35 stack frames]]>
    </failure>
  </testcase> <!-- vldStatusCode -->
  <testcase classname="com.qa.API.tests.TC005_DELETE_Employee" name="vldStatusLine" time="0.0"/>
</testsuite> <!-- Test -->
